<?xml version="1.0" encoding="UTF-8"?>
<testsuite name="com.example.BasicApplicationTests" time="0.016" tests="1" errors="1" skipped="0" failures="0">
  <properties>
    <property name="java.runtime.name" value="Java(TM) SE Runtime Environment"/>
    <property name="sun.boot.library.path" value="C:\Program Files\Java\jdk1.8.0_162\jre\bin"/>
    <property name="java.vm.version" value="25.162-b12"/>
    <property name="java.vm.vendor" value="Oracle Corporation"/>
    <property name="java.vendor.url" value="http://java.oracle.com/"/>
    <property name="path.separator" value=";"/>
    <property name="guice.disable.misplaced.annotation.check" value="true"/>
    <property name="java.vm.name" value="Java HotSpot(TM) 64-Bit Server VM"/>
    <property name="file.encoding.pkg" value="sun.io"/>
    <property name="user.script" value=""/>
    <property name="user.country" value="BR"/>
    <property name="sun.java.launcher" value="SUN_STANDARD"/>
    <property name="sun.os.patch.level" value="Service Pack 1"/>
    <property name="java.vm.specification.name" value="Java Virtual Machine Specification"/>
    <property name="user.dir" value="C:\Dev\training\algaworks\Rest\springBootIntro\SpringBootIntro"/>
    <property name="java.runtime.version" value="1.8.0_162-b12"/>
    <property name="java.awt.graphicsenv" value="sun.awt.Win32GraphicsEnvironment"/>
    <property name="java.endorsed.dirs" value="C:\Program Files\Java\jdk1.8.0_162\jre\lib\endorsed"/>
    <property name="os.arch" value="amd64"/>
    <property name="java.io.tmpdir" value="C:\Users\user\AppData\Local\Temp\"/>
    <property name="line.separator" value="&#10;"/>
    <property name="java.vm.specification.vendor" value="Oracle Corporation"/>
    <property name="user.variant" value=""/>
    <property name="os.name" value="Windows 7"/>
    <property name="maven.ext.class.path" value="C:\Program Files\NetBeans 8.2\java\maven-nblib\netbeans-eventspy.jar"/>
    <property name="classworlds.conf" value="C:\Program Files\NetBeans 8.2\java\maven\bin\m2.conf"/>
    <property name="sun.jnu.encoding" value="Cp1252"/>
    <property name="java.library.path" value="C:\Program Files\Java\jdk1.8.0_162\bin;C:\Windows\Sun\Java\bin;C:\Windows\system32;C:\Windows;C:\Program Files (x86)\Python36-32\Scripts\;C:\Program Files (x86)\Python36-32\;C:\Python27\;C:\Python27\Scripts;C:\Program Files (x86)\Common Files\Oracle\Java\javapath;C:\ProgramData\Oracle\Java\javapath;C:\Windows\system32;C:\Windows;C:\Windows\System32\Wbem;C:\Windows\System32\WindowsPowerShell\v1.0\;C:\Program Files (x86)\Intel\OpenCL SDK\2.0\bin\x86;C:\Program Files (x86)\Intel\OpenCL SDK\2.0\bin\x64;C:\Program Files\MATLAB\R2017a\runtime\win64;C:\Program Files\MATLAB\R2017a\bin;C:\Program Files\WIDCOMM\Bluetooth Software\;C:\Program Files\WIDCOMM\Bluetooth Software\syswow64;;C:\Program Files (x86)\Intel\OpenCL SDK\2.0\bin\x86;C:\Program Files (x86)\Intel\OpenCL SDK\2.0\bin\x64;C:\Program Files (x86)\MySQL\MySQL Utilities 1.6\;."/>
    <property name="java.specification.name" value="Java Platform API Specification"/>
    <property name="java.class.version" value="52.0"/>
    <property name="sun.management.compiler" value="HotSpot 64-Bit Tiered Compilers"/>
    <property name="os.version" value="6.1"/>
    <property name="user.home" value="C:\Users\user"/>
    <property name="user.timezone" value="America/Sao_Paulo"/>
    <property name="java.awt.printerjob" value="sun.awt.windows.WPrinterJob"/>
    <property name="java.specification.version" value="1.8"/>
    <property name="file.encoding" value="UTF-8"/>
    <property name="user.name" value="user"/>
    <property name="java.class.path" value="C:\Program Files\NetBeans 8.2\java\maven\boot\plexus-classworlds-2.4.jar"/>
    <property name="java.vm.specification.version" value="1.8"/>
    <property name="sun.arch.data.model" value="64"/>
    <property name="java.home" value="C:\Program Files\Java\jdk1.8.0_162\jre"/>
    <property name="sun.java.command" value="org.codehaus.plexus.classworlds.launcher.Launcher -Dmaven.ext.class.path=C:\Program Files\NetBeans 8.2\java\maven-nblib\netbeans-eventspy.jar -Dfile.encoding=UTF-8 clean install"/>
    <property name="java.specification.vendor" value="Oracle Corporation"/>
    <property name="user.language" value="pt"/>
    <property name="awt.toolkit" value="sun.awt.windows.WToolkit"/>
    <property name="java.vm.info" value="mixed mode"/>
    <property name="java.version" value="1.8.0_162"/>
    <property name="java.ext.dirs" value="C:\Program Files\Java\jdk1.8.0_162\jre\lib\ext;C:\Windows\Sun\Java\lib\ext"/>
    <property name="sun.boot.class.path" value="C:\Program Files\Java\jdk1.8.0_162\jre\lib\resources.jar;C:\Program Files\Java\jdk1.8.0_162\jre\lib\rt.jar;C:\Program Files\Java\jdk1.8.0_162\jre\lib\sunrsasign.jar;C:\Program Files\Java\jdk1.8.0_162\jre\lib\jsse.jar;C:\Program Files\Java\jdk1.8.0_162\jre\lib\jce.jar;C:\Program Files\Java\jdk1.8.0_162\jre\lib\charsets.jar;C:\Program Files\Java\jdk1.8.0_162\jre\lib\jfr.jar;C:\Program Files\Java\jdk1.8.0_162\jre\classes"/>
    <property name="java.vendor" value="Oracle Corporation"/>
    <property name="maven.home" value="C:\Program Files\NetBeans 8.2\java\maven"/>
    <property name="file.separator" value="\"/>
    <property name="java.vendor.url.bug" value="http://bugreport.sun.com/bugreport/"/>
    <property name="sun.cpu.endian" value="little"/>
    <property name="sun.io.unicode.encoding" value="UnicodeLittle"/>
    <property name="sun.desktop" value="windows"/>
    <property name="sun.cpu.isalist" value="amd64"/>
  </properties>
  <testcase name="contextLoads" classname="com.example.BasicApplicationTests" time="0.016">
    <error message="Failed to load ApplicationContext" type="java.lang.IllegalStateException"><![CDATA[java.lang.IllegalStateException: Failed to load ApplicationContext
	at org.springframework.test.context.cache.DefaultCacheAwareContextLoaderDelegate.loadContext(DefaultCacheAwareContextLoaderDelegate.java:124)
	at org.springframework.test.context.support.DefaultTestContext.getApplicationContext(DefaultTestContext.java:83)
	at org.springframework.test.context.web.ServletTestExecutionListener.setUpRequestContextIfNecessary(ServletTestExecutionListener.java:189)
	at org.springframework.test.context.web.ServletTestExecutionListener.prepareTestInstance(ServletTestExecutionListener.java:131)
	at org.springframework.test.context.TestContextManager.prepareTestInstance(TestContextManager.java:230)
	at org.springframework.test.context.junit4.SpringJUnit4ClassRunner.createTest(SpringJUnit4ClassRunner.java:228)
	at org.springframework.test.context.junit4.SpringJUnit4ClassRunner$1.runReflectiveCall(SpringJUnit4ClassRunner.java:287)
	at org.junit.internal.runners.model.ReflectiveCallable.run(ReflectiveCallable.java:12)
	at org.springframework.test.context.junit4.SpringJUnit4ClassRunner.methodBlock(SpringJUnit4ClassRunner.java:289)
	at org.springframework.test.context.junit4.SpringJUnit4ClassRunner.runChild(SpringJUnit4ClassRunner.java:247)
	at org.springframework.test.context.junit4.SpringJUnit4ClassRunner.runChild(SpringJUnit4ClassRunner.java:94)
	at org.junit.runners.ParentRunner$3.run(ParentRunner.java:290)
	at org.junit.runners.ParentRunner$1.schedule(ParentRunner.java:71)
	at org.junit.runners.ParentRunner.runChildren(ParentRunner.java:288)
	at org.junit.runners.ParentRunner.access$000(ParentRunner.java:58)
	at org.junit.runners.ParentRunner$2.evaluate(ParentRunner.java:268)
	at org.springframework.test.context.junit4.statements.RunBeforeTestClassCallbacks.evaluate(RunBeforeTestClassCallbacks.java:61)
	at org.springframework.test.context.junit4.statements.RunAfterTestClassCallbacks.evaluate(RunAfterTestClassCallbacks.java:70)
	at org.junit.runners.ParentRunner.run(ParentRunner.java:363)
	at org.springframework.test.context.junit4.SpringJUnit4ClassRunner.run(SpringJUnit4ClassRunner.java:191)
	at org.apache.maven.surefire.junit4.JUnit4Provider.execute(JUnit4Provider.java:283)
	at org.apache.maven.surefire.junit4.JUnit4Provider.executeWithRerun(JUnit4Provider.java:173)
	at org.apache.maven.surefire.junit4.JUnit4Provider.executeTestSet(JUnit4Provider.java:153)
	at org.apache.maven.surefire.junit4.JUnit4Provider.invoke(JUnit4Provider.java:128)
	at org.apache.maven.surefire.booter.ForkedBooter.invokeProviderInSameClassLoader(ForkedBooter.java:203)
	at org.apache.maven.surefire.booter.ForkedBooter.runSuitesInProcess(ForkedBooter.java:155)
	at org.apache.maven.surefire.booter.ForkedBooter.main(ForkedBooter.java:103)
Caused by: org.springframework.beans.factory.BeanCreationException: Error creating bean with name 'flywayInitializer' defined in class path resource [org/springframework/boot/autoconfigure/flyway/FlywayAutoConfiguration$FlywayConfiguration.class]: Invocation of init method failed; nested exception is org.flywaydb.core.api.FlywayException: Unable to obtain Jdbc connection from DataSource
	at org.springframework.beans.factory.support.AbstractAutowireCapableBeanFactory.initializeBean(AbstractAutowireCapableBeanFactory.java:1628)
	at org.springframework.beans.factory.support.AbstractAutowireCapableBeanFactory.doCreateBean(AbstractAutowireCapableBeanFactory.java:555)
	at org.springframework.beans.factory.support.AbstractAutowireCapableBeanFactory.createBean(AbstractAutowireCapableBeanFactory.java:483)
	at org.springframework.beans.factory.support.AbstractBeanFactory$1.getObject(AbstractBeanFactory.java:306)
	at org.springframework.beans.factory.support.DefaultSingletonBeanRegistry.getSingleton(DefaultSingletonBeanRegistry.java:230)
	at org.springframework.beans.factory.support.AbstractBeanFactory.doGetBean(AbstractBeanFactory.java:302)
	at org.springframework.beans.factory.support.AbstractBeanFactory.getBean(AbstractBeanFactory.java:197)
	at org.springframework.beans.factory.support.AbstractBeanFactory.doGetBean(AbstractBeanFactory.java:296)
	at org.springframework.beans.factory.support.AbstractBeanFactory.getBean(AbstractBeanFactory.java:197)
	at org.springframework.context.support.AbstractApplicationContext.getBean(AbstractApplicationContext.java:1078)
	at org.springframework.context.support.AbstractApplicationContext.finishBeanFactoryInitialization(AbstractApplicationContext.java:857)
	at org.springframework.context.support.AbstractApplicationContext.refresh(AbstractApplicationContext.java:543)
	at org.springframework.boot.SpringApplication.refresh(SpringApplication.java:693)
	at org.springframework.boot.SpringApplication.refreshContext(SpringApplication.java:360)
	at org.springframework.boot.SpringApplication.run(SpringApplication.java:303)
	at org.springframework.boot.test.context.SpringBootContextLoader.loadContext(SpringBootContextLoader.java:120)
	at org.springframework.test.context.cache.DefaultCacheAwareContextLoaderDelegate.loadContextInternal(DefaultCacheAwareContextLoaderDelegate.java:98)
	at org.springframework.test.context.cache.DefaultCacheAwareContextLoaderDelegate.loadContext(DefaultCacheAwareContextLoaderDelegate.java:116)
	at org.springframework.test.context.support.DefaultTestContext.getApplicationContext(DefaultTestContext.java:83)
	at org.springframework.test.context.web.ServletTestExecutionListener.setUpRequestContextIfNecessary(ServletTestExecutionListener.java:189)
	at org.springframework.test.context.web.ServletTestExecutionListener.prepareTestInstance(ServletTestExecutionListener.java:131)
	at org.springframework.test.context.TestContextManager.prepareTestInstance(TestContextManager.java:230)
	at org.springframework.test.context.junit4.SpringJUnit4ClassRunner.createTest(SpringJUnit4ClassRunner.java:228)
	at org.springframework.test.context.junit4.SpringJUnit4ClassRunner$1.runReflectiveCall(SpringJUnit4ClassRunner.java:287)
	at org.junit.internal.runners.model.ReflectiveCallable.run(ReflectiveCallable.java:12)
	at org.springframework.test.context.junit4.SpringJUnit4ClassRunner.methodBlock(SpringJUnit4ClassRunner.java:289)
	at org.springframework.test.context.junit4.SpringJUnit4ClassRunner.runChild(SpringJUnit4ClassRunner.java:247)
	at org.springframework.test.context.junit4.SpringJUnit4ClassRunner.runChild(SpringJUnit4ClassRunner.java:94)
	at org.junit.runners.ParentRunner$3.run(ParentRunner.java:290)
	at org.junit.runners.ParentRunner$1.schedule(ParentRunner.java:71)
	at org.junit.runners.ParentRunner.runChildren(ParentRunner.java:288)
	at org.junit.runners.ParentRunner.access$000(ParentRunner.java:58)
	at org.junit.runners.ParentRunner$2.evaluate(ParentRunner.java:268)
	at org.springframework.test.context.junit4.statements.RunBeforeTestClassCallbacks.evaluate(RunBeforeTestClassCallbacks.java:61)
	at org.springframework.test.context.junit4.statements.RunAfterTestClassCallbacks.evaluate(RunAfterTestClassCallbacks.java:70)
	at org.junit.runners.ParentRunner.run(ParentRunner.java:363)
	at org.springframework.test.context.junit4.SpringJUnit4ClassRunner.run(SpringJUnit4ClassRunner.java:191)
	at org.apache.maven.surefire.junit4.JUnit4Provider.execute(JUnit4Provider.java:283)
	at org.apache.maven.surefire.junit4.JUnit4Provider.executeWithRerun(JUnit4Provider.java:173)
	at org.apache.maven.surefire.junit4.JUnit4Provider.executeTestSet(JUnit4Provider.java:153)
	at org.apache.maven.surefire.junit4.JUnit4Provider.invoke(JUnit4Provider.java:128)
	at org.apache.maven.surefire.booter.ForkedBooter.invokeProviderInSameClassLoader(ForkedBooter.java:203)
	at org.apache.maven.surefire.booter.ForkedBooter.runSuitesInProcess(ForkedBooter.java:155)
	at org.apache.maven.surefire.booter.ForkedBooter.main(ForkedBooter.java:103)
Caused by: org.flywaydb.core.api.FlywayException: Unable to obtain Jdbc connection from DataSource
	at org.flywaydb.core.internal.util.jdbc.JdbcUtils.openConnection(JdbcUtils.java:56)
	at org.flywaydb.core.Flyway.execute(Flyway.java:1385)
	at org.flywaydb.core.Flyway.migrate(Flyway.java:1006)
	at org.springframework.boot.autoconfigure.flyway.FlywayMigrationInitializer.afterPropertiesSet(FlywayMigrationInitializer.java:66)
	at org.springframework.beans.factory.support.AbstractAutowireCapableBeanFactory.invokeInitMethods(AbstractAutowireCapableBeanFactory.java:1687)
	at org.springframework.beans.factory.support.AbstractAutowireCapableBeanFactory.initializeBean(AbstractAutowireCapableBeanFactory.java:1624)
	at org.springframework.beans.factory.support.AbstractAutowireCapableBeanFactory.doCreateBean(AbstractAutowireCapableBeanFactory.java:555)
	at org.springframework.beans.factory.support.AbstractAutowireCapableBeanFactory.createBean(AbstractAutowireCapableBeanFactory.java:483)
	at org.springframework.beans.factory.support.AbstractBeanFactory$1.getObject(AbstractBeanFactory.java:306)
	at org.springframework.beans.factory.support.DefaultSingletonBeanRegistry.getSingleton(DefaultSingletonBeanRegistry.java:230)
	at org.springframework.beans.factory.support.AbstractBeanFactory.doGetBean(AbstractBeanFactory.java:302)
	at org.springframework.beans.factory.support.AbstractBeanFactory.getBean(AbstractBeanFactory.java:197)
	at org.springframework.beans.factory.support.AbstractBeanFactory.doGetBean(AbstractBeanFactory.java:296)
	at org.springframework.beans.factory.support.AbstractBeanFactory.getBean(AbstractBeanFactory.java:197)
	at org.springframework.context.support.AbstractApplicationContext.getBean(AbstractApplicationContext.java:1078)
	at org.springframework.context.support.AbstractApplicationContext.finishBeanFactoryInitialization(AbstractApplicationContext.java:857)
	at org.springframework.context.support.AbstractApplicationContext.refresh(AbstractApplicationContext.java:543)
	at org.springframework.boot.SpringApplication.refresh(SpringApplication.java:693)
	at org.springframework.boot.SpringApplication.refreshContext(SpringApplication.java:360)
	at org.springframework.boot.SpringApplication.run(SpringApplication.java:303)
	at org.springframework.boot.test.context.SpringBootContextLoader.loadContext(SpringBootContextLoader.java:120)
	at org.springframework.test.context.cache.DefaultCacheAwareContextLoaderDelegate.loadContextInternal(DefaultCacheAwareContextLoaderDelegate.java:98)
	at org.springframework.test.context.cache.DefaultCacheAwareContextLoaderDelegate.loadContext(DefaultCacheAwareContextLoaderDelegate.java:116)
	at org.springframework.test.context.support.DefaultTestContext.getApplicationContext(DefaultTestContext.java:83)
	at org.springframework.test.context.web.ServletTestExecutionListener.setUpRequestContextIfNecessary(ServletTestExecutionListener.java:189)
	at org.springframework.test.context.web.ServletTestExecutionListener.prepareTestInstance(ServletTestExecutionListener.java:131)
	at org.springframework.test.context.TestContextManager.prepareTestInstance(TestContextManager.java:230)
	at org.springframework.test.context.junit4.SpringJUnit4ClassRunner.createTest(SpringJUnit4ClassRunner.java:228)
	at org.springframework.test.context.junit4.SpringJUnit4ClassRunner$1.runReflectiveCall(SpringJUnit4ClassRunner.java:287)
	at org.junit.internal.runners.model.ReflectiveCallable.run(ReflectiveCallable.java:12)
	at org.springframework.test.context.junit4.SpringJUnit4ClassRunner.methodBlock(SpringJUnit4ClassRunner.java:289)
	at org.springframework.test.context.junit4.SpringJUnit4ClassRunner.runChild(SpringJUnit4ClassRunner.java:247)
	at org.springframework.test.context.junit4.SpringJUnit4ClassRunner.runChild(SpringJUnit4ClassRunner.java:94)
	at org.junit.runners.ParentRunner$3.run(ParentRunner.java:290)
	at org.junit.runners.ParentRunner$1.schedule(ParentRunner.java:71)
	at org.junit.runners.ParentRunner.runChildren(ParentRunner.java:288)
	at org.junit.runners.ParentRunner.access$000(ParentRunner.java:58)
	at org.junit.runners.ParentRunner$2.evaluate(ParentRunner.java:268)
	at org.springframework.test.context.junit4.statements.RunBeforeTestClassCallbacks.evaluate(RunBeforeTestClassCallbacks.java:61)
	at org.springframework.test.context.junit4.statements.RunAfterTestClassCallbacks.evaluate(RunAfterTestClassCallbacks.java:70)
	at org.junit.runners.ParentRunner.run(ParentRunner.java:363)
	at org.springframework.test.context.junit4.SpringJUnit4ClassRunner.run(SpringJUnit4ClassRunner.java:191)
	at org.apache.maven.surefire.junit4.JUnit4Provider.execute(JUnit4Provider.java:283)
	at org.apache.maven.surefire.junit4.JUnit4Provider.executeWithRerun(JUnit4Provider.java:173)
	at org.apache.maven.surefire.junit4.JUnit4Provider.executeTestSet(JUnit4Provider.java:153)
	at org.apache.maven.surefire.junit4.JUnit4Provider.invoke(JUnit4Provider.java:128)
	at org.apache.maven.surefire.booter.ForkedBooter.invokeProviderInSameClassLoader(ForkedBooter.java:203)
	at org.apache.maven.surefire.booter.ForkedBooter.runSuitesInProcess(ForkedBooter.java:155)
	at org.apache.maven.surefire.booter.ForkedBooter.main(ForkedBooter.java:103)
Caused by: com.mysql.jdbc.exceptions.jdbc4.CommunicationsException: Communications link failure

The last packet sent successfully to the server was 0 milliseconds ago. The driver has not received any packets from the server.
	at sun.reflect.NativeConstructorAccessorImpl.newInstance0(Native Method)
	at sun.reflect.NativeConstructorAccessorImpl.newInstance(NativeConstructorAccessorImpl.java:62)
	at sun.reflect.DelegatingConstructorAccessorImpl.newInstance(DelegatingConstructorAccessorImpl.java:45)
	at java.lang.reflect.Constructor.newInstance(Constructor.java:423)
	at com.mysql.jdbc.Util.handleNewInstance(Util.java:425)
	at com.mysql.jdbc.SQLError.createCommunicationsException(SQLError.java:989)
	at com.mysql.jdbc.MysqlIO.<init>(MysqlIO.java:341)
	at com.mysql.jdbc.ConnectionImpl.coreConnect(ConnectionImpl.java:2189)
	at com.mysql.jdbc.ConnectionImpl.connectOneTryOnly(ConnectionImpl.java:2222)
	at com.mysql.jdbc.ConnectionImpl.createNewIO(ConnectionImpl.java:2017)
	at com.mysql.jdbc.ConnectionImpl.<init>(ConnectionImpl.java:779)
	at com.mysql.jdbc.JDBC4Connection.<init>(JDBC4Connection.java:47)
	at sun.reflect.NativeConstructorAccessorImpl.newInstance0(Native Method)
	at sun.reflect.NativeConstructorAccessorImpl.newInstance(NativeConstructorAccessorImpl.java:62)
	at sun.reflect.DelegatingConstructorAccessorImpl.newInstance(DelegatingConstructorAccessorImpl.java:45)
	at java.lang.reflect.Constructor.newInstance(Constructor.java:423)
	at com.mysql.jdbc.Util.handleNewInstance(Util.java:425)
	at com.mysql.jdbc.ConnectionImpl.getInstance(ConnectionImpl.java:389)
	at com.mysql.jdbc.NonRegisteringDriver.connect(NonRegisteringDriver.java:330)
	at org.apache.tomcat.jdbc.pool.PooledConnection.connectUsingDriver(PooledConnection.java:310)
	at org.apache.tomcat.jdbc.pool.PooledConnection.connect(PooledConnection.java:203)
	at org.apache.tomcat.jdbc.pool.ConnectionPool.createConnection(ConnectionPool.java:735)
	at org.apache.tomcat.jdbc.pool.ConnectionPool.borrowConnection(ConnectionPool.java:667)
	at org.apache.tomcat.jdbc.pool.ConnectionPool.init(ConnectionPool.java:482)
	at org.apache.tomcat.jdbc.pool.ConnectionPool.<init>(ConnectionPool.java:154)
	at org.apache.tomcat.jdbc.pool.DataSourceProxy.pCreatePool(DataSourceProxy.java:118)
	at org.apache.tomcat.jdbc.pool.DataSourceProxy.createPool(DataSourceProxy.java:107)
	at org.apache.tomcat.jdbc.pool.DataSourceProxy.getConnection(DataSourceProxy.java:131)
	at org.flywaydb.core.internal.util.jdbc.JdbcUtils.openConnection(JdbcUtils.java:50)
	at org.flywaydb.core.Flyway.execute(Flyway.java:1385)
	at org.flywaydb.core.Flyway.migrate(Flyway.java:1006)
	at org.springframework.boot.autoconfigure.flyway.FlywayMigrationInitializer.afterPropertiesSet(FlywayMigrationInitializer.java:66)
	at org.springframework.beans.factory.support.AbstractAutowireCapableBeanFactory.invokeInitMethods(AbstractAutowireCapableBeanFactory.java:1687)
	at org.springframework.beans.factory.support.AbstractAutowireCapableBeanFactory.initializeBean(AbstractAutowireCapableBeanFactory.java:1624)
	at org.springframework.beans.factory.support.AbstractAutowireCapableBeanFactory.doCreateBean(AbstractAutowireCapableBeanFactory.java:555)
	at org.springframework.beans.factory.support.AbstractAutowireCapableBeanFactory.createBean(AbstractAutowireCapableBeanFactory.java:483)
	at org.springframework.beans.factory.support.AbstractBeanFactory$1.getObject(AbstractBeanFactory.java:306)
	at org.springframework.beans.factory.support.DefaultSingletonBeanRegistry.getSingleton(DefaultSingletonBeanRegistry.java:230)
	at org.springframework.beans.factory.support.AbstractBeanFactory.doGetBean(AbstractBeanFactory.java:302)
	at org.springframework.beans.factory.support.AbstractBeanFactory.getBean(AbstractBeanFactory.java:197)
	at org.springframework.beans.factory.support.AbstractBeanFactory.doGetBean(AbstractBeanFactory.java:296)
	at org.springframework.beans.factory.support.AbstractBeanFactory.getBean(AbstractBeanFactory.java:197)
	at org.springframework.context.support.AbstractApplicationContext.getBean(AbstractApplicationContext.java:1078)
	at org.springframework.context.support.AbstractApplicationContext.finishBeanFactoryInitialization(AbstractApplicationContext.java:857)
	at org.springframework.context.support.AbstractApplicationContext.refresh(AbstractApplicationContext.java:543)
	at org.springframework.boot.SpringApplication.refresh(SpringApplication.java:693)
	at org.springframework.boot.SpringApplication.refreshContext(SpringApplication.java:360)
	at org.springframework.boot.SpringApplication.run(SpringApplication.java:303)
	at org.springframework.boot.test.context.SpringBootContextLoader.loadContext(SpringBootContextLoader.java:120)
	at org.springframework.test.context.cache.DefaultCacheAwareContextLoaderDelegate.loadContextInternal(DefaultCacheAwareContextLoaderDelegate.java:98)
	at org.springframework.test.context.cache.DefaultCacheAwareContextLoaderDelegate.loadContext(DefaultCacheAwareContextLoaderDelegate.java:116)
	at org.springframework.test.context.support.DefaultTestContext.getApplicationContext(DefaultTestContext.java:83)
	at org.springframework.test.context.web.ServletTestExecutionListener.setUpRequestContextIfNecessary(ServletTestExecutionListener.java:189)
	at org.springframework.test.context.web.ServletTestExecutionListener.prepareTestInstance(ServletTestExecutionListener.java:131)
	at org.springframework.test.context.TestContextManager.prepareTestInstance(TestContextManager.java:230)
	at org.springframework.test.context.junit4.SpringJUnit4ClassRunner.createTest(SpringJUnit4ClassRunner.java:228)
	at org.springframework.test.context.junit4.SpringJUnit4ClassRunner$1.runReflectiveCall(SpringJUnit4ClassRunner.java:287)
	at org.junit.internal.runners.model.ReflectiveCallable.run(ReflectiveCallable.java:12)
	at org.springframework.test.context.junit4.SpringJUnit4ClassRunner.methodBlock(SpringJUnit4ClassRunner.java:289)
	at org.springframework.test.context.junit4.SpringJUnit4ClassRunner.runChild(SpringJUnit4ClassRunner.java:247)
	at org.springframework.test.context.junit4.SpringJUnit4ClassRunner.runChild(SpringJUnit4ClassRunner.java:94)
	at org.junit.runners.ParentRunner$3.run(ParentRunner.java:290)
	at org.junit.runners.ParentRunner$1.schedule(ParentRunner.java:71)
	at org.junit.runners.ParentRunner.runChildren(ParentRunner.java:288)
	at org.junit.runners.ParentRunner.access$000(ParentRunner.java:58)
	at org.junit.runners.ParentRunner$2.evaluate(ParentRunner.java:268)
	at org.springframework.test.context.junit4.statements.RunBeforeTestClassCallbacks.evaluate(RunBeforeTestClassCallbacks.java:61)
	at org.springframework.test.context.junit4.statements.RunAfterTestClassCallbacks.evaluate(RunAfterTestClassCallbacks.java:70)
	at org.junit.runners.ParentRunner.run(ParentRunner.java:363)
	at org.springframework.test.context.junit4.SpringJUnit4ClassRunner.run(SpringJUnit4ClassRunner.java:191)
	at org.apache.maven.surefire.junit4.JUnit4Provider.execute(JUnit4Provider.java:283)
	at org.apache.maven.surefire.junit4.JUnit4Provider.executeWithRerun(JUnit4Provider.java:173)
	at org.apache.maven.surefire.junit4.JUnit4Provider.executeTestSet(JUnit4Provider.java:153)
	at org.apache.maven.surefire.junit4.JUnit4Provider.invoke(JUnit4Provider.java:128)
	at org.apache.maven.surefire.booter.ForkedBooter.invokeProviderInSameClassLoader(ForkedBooter.java:203)
	at org.apache.maven.surefire.booter.ForkedBooter.runSuitesInProcess(ForkedBooter.java:155)
	at org.apache.maven.surefire.booter.ForkedBooter.main(ForkedBooter.java:103)
Caused by: java.net.ConnectException: Connection refused: connect
	at java.net.DualStackPlainSocketImpl.connect0(Native Method)
	at java.net.DualStackPlainSocketImpl.socketConnect(DualStackPlainSocketImpl.java:79)
	at java.net.AbstractPlainSocketImpl.doConnect(AbstractPlainSocketImpl.java:350)
	at java.net.AbstractPlainSocketImpl.connectToAddress(AbstractPlainSocketImpl.java:206)
	at java.net.AbstractPlainSocketImpl.connect(AbstractPlainSocketImpl.java:188)
	at java.net.PlainSocketImpl.connect(PlainSocketImpl.java:172)
	at java.net.SocksSocketImpl.connect(SocksSocketImpl.java:392)
	at java.net.Socket.connect(Socket.java:589)
	at com.mysql.jdbc.StandardSocketFactory.connect(StandardSocketFactory.java:211)
	at com.mysql.jdbc.MysqlIO.<init>(MysqlIO.java:300)
	at com.mysql.jdbc.ConnectionImpl.coreConnect(ConnectionImpl.java:2189)
	at com.mysql.jdbc.ConnectionImpl.connectOneTryOnly(ConnectionImpl.java:2222)
	at com.mysql.jdbc.ConnectionImpl.createNewIO(ConnectionImpl.java:2017)
	at com.mysql.jdbc.ConnectionImpl.<init>(ConnectionImpl.java:779)
	at com.mysql.jdbc.JDBC4Connection.<init>(JDBC4Connection.java:47)
	at sun.reflect.NativeConstructorAccessorImpl.newInstance0(Native Method)
	at sun.reflect.NativeConstructorAccessorImpl.newInstance(NativeConstructorAccessorImpl.java:62)
	at sun.reflect.DelegatingConstructorAccessorImpl.newInstance(DelegatingConstructorAccessorImpl.java:45)
	at java.lang.reflect.Constructor.newInstance(Constructor.java:423)
	at com.mysql.jdbc.Util.handleNewInstance(Util.java:425)
	at com.mysql.jdbc.ConnectionImpl.getInstance(ConnectionImpl.java:389)
	at com.mysql.jdbc.NonRegisteringDriver.connect(NonRegisteringDriver.java:330)
	at org.apache.tomcat.jdbc.pool.PooledConnection.connectUsingDriver(PooledConnection.java:310)
	at org.apache.tomcat.jdbc.pool.PooledConnection.connect(PooledConnection.java:203)
	at org.apache.tomcat.jdbc.pool.ConnectionPool.createConnection(ConnectionPool.java:735)
	at org.apache.tomcat.jdbc.pool.ConnectionPool.borrowConnection(ConnectionPool.java:667)
	at org.apache.tomcat.jdbc.pool.ConnectionPool.init(ConnectionPool.java:482)
	at org.apache.tomcat.jdbc.pool.ConnectionPool.<init>(ConnectionPool.java:154)
	at org.apache.tomcat.jdbc.pool.DataSourceProxy.pCreatePool(DataSourceProxy.java:118)
	at org.apache.tomcat.jdbc.pool.DataSourceProxy.createPool(DataSourceProxy.java:107)
	at org.apache.tomcat.jdbc.pool.DataSourceProxy.getConnection(DataSourceProxy.java:131)
	at org.flywaydb.core.internal.util.jdbc.JdbcUtils.openConnection(JdbcUtils.java:50)
	at org.flywaydb.core.Flyway.execute(Flyway.java:1385)
	at org.flywaydb.core.Flyway.migrate(Flyway.java:1006)
	at org.springframework.boot.autoconfigure.flyway.FlywayMigrationInitializer.afterPropertiesSet(FlywayMigrationInitializer.java:66)
	at org.springframework.beans.factory.support.AbstractAutowireCapableBeanFactory.invokeInitMethods(AbstractAutowireCapableBeanFactory.java:1687)
	at org.springframework.beans.factory.support.AbstractAutowireCapableBeanFactory.initializeBean(AbstractAutowireCapableBeanFactory.java:1624)
	at org.springframework.beans.factory.support.AbstractAutowireCapableBeanFactory.doCreateBean(AbstractAutowireCapableBeanFactory.java:555)
	at org.springframework.beans.factory.support.AbstractAutowireCapableBeanFactory.createBean(AbstractAutowireCapableBeanFactory.java:483)
	at org.springframework.beans.factory.support.AbstractBeanFactory$1.getObject(AbstractBeanFactory.java:306)
	at org.springframework.beans.factory.support.DefaultSingletonBeanRegistry.getSingleton(DefaultSingletonBeanRegistry.java:230)
	at org.springframework.beans.factory.support.AbstractBeanFactory.doGetBean(AbstractBeanFactory.java:302)
	at org.springframework.beans.factory.support.AbstractBeanFactory.getBean(AbstractBeanFactory.java:197)
	at org.springframework.beans.factory.support.AbstractBeanFactory.doGetBean(AbstractBeanFactory.java:296)
	at org.springframework.beans.factory.support.AbstractBeanFactory.getBean(AbstractBeanFactory.java:197)
	at org.springframework.context.support.AbstractApplicationContext.getBean(AbstractApplicationContext.java:1078)
	at org.springframework.context.support.AbstractApplicationContext.finishBeanFactoryInitialization(AbstractApplicationContext.java:857)
	at org.springframework.context.support.AbstractApplicationContext.refresh(AbstractApplicationContext.java:543)
	at org.springframework.boot.SpringApplication.refresh(SpringApplication.java:693)
	at org.springframework.boot.SpringApplication.refreshContext(SpringApplication.java:360)
	at org.springframework.boot.SpringApplication.run(SpringApplication.java:303)
	at org.springframework.boot.test.context.SpringBootContextLoader.loadContext(SpringBootContextLoader.java:120)
	at org.springframework.test.context.cache.DefaultCacheAwareContextLoaderDelegate.loadContextInternal(DefaultCacheAwareContextLoaderDelegate.java:98)
	at org.springframework.test.context.cache.DefaultCacheAwareContextLoaderDelegate.loadContext(DefaultCacheAwareContextLoaderDelegate.java:116)
	at org.springframework.test.context.support.DefaultTestContext.getApplicationContext(DefaultTestContext.java:83)
	at org.springframework.test.context.web.ServletTestExecutionListener.setUpRequestContextIfNecessary(ServletTestExecutionListener.java:189)
	at org.springframework.test.context.web.ServletTestExecutionListener.prepareTestInstance(ServletTestExecutionListener.java:131)
	at org.springframework.test.context.TestContextManager.prepareTestInstance(TestContextManager.java:230)
	at org.springframework.test.context.junit4.SpringJUnit4ClassRunner.createTest(SpringJUnit4ClassRunner.java:228)
	at org.springframework.test.context.junit4.SpringJUnit4ClassRunner$1.runReflectiveCall(SpringJUnit4ClassRunner.java:287)
	at org.junit.internal.runners.model.ReflectiveCallable.run(ReflectiveCallable.java:12)
	at org.springframework.test.context.junit4.SpringJUnit4ClassRunner.methodBlock(SpringJUnit4ClassRunner.java:289)
	at org.springframework.test.context.junit4.SpringJUnit4ClassRunner.runChild(SpringJUnit4ClassRunner.java:247)
	at org.springframework.test.context.junit4.SpringJUnit4ClassRunner.runChild(SpringJUnit4ClassRunner.java:94)
	at org.junit.runners.ParentRunner$3.run(ParentRunner.java:290)
	at org.junit.runners.ParentRunner$1.schedule(ParentRunner.java:71)
	at org.junit.runners.ParentRunner.runChildren(ParentRunner.java:288)
	at org.junit.runners.ParentRunner.access$000(ParentRunner.java:58)
	at org.junit.runners.ParentRunner$2.evaluate(ParentRunner.java:268)
	at org.springframework.test.context.junit4.statements.RunBeforeTestClassCallbacks.evaluate(RunBeforeTestClassCallbacks.java:61)
	at org.springframework.test.context.junit4.statements.RunAfterTestClassCallbacks.evaluate(RunAfterTestClassCallbacks.java:70)
	at org.junit.runners.ParentRunner.run(ParentRunner.java:363)
	at org.springframework.test.context.junit4.SpringJUnit4ClassRunner.run(SpringJUnit4ClassRunner.java:191)
	at org.apache.maven.surefire.junit4.JUnit4Provider.execute(JUnit4Provider.java:283)
	at org.apache.maven.surefire.junit4.JUnit4Provider.executeWithRerun(JUnit4Provider.java:173)
	at org.apache.maven.surefire.junit4.JUnit4Provider.executeTestSet(JUnit4Provider.java:153)
	at org.apache.maven.surefire.junit4.JUnit4Provider.invoke(JUnit4Provider.java:128)
	at org.apache.maven.surefire.booter.ForkedBooter.invokeProviderInSameClassLoader(ForkedBooter.java:203)
	at org.apache.maven.surefire.booter.ForkedBooter.runSuitesInProcess(ForkedBooter.java:155)
	at org.apache.maven.surefire.booter.ForkedBooter.main(ForkedBooter.java:103)
]]></error>
    <system-out><![CDATA[15:59:15.396 [main] DEBUG org.springframework.test.context.junit4.SpringJUnit4ClassRunner - SpringJUnit4ClassRunner constructor called with [class com.example.BasicApplicationTests]
15:59:15.412 [main] DEBUG org.springframework.test.context.BootstrapUtils - Instantiating CacheAwareContextLoaderDelegate from class [org.springframework.test.context.cache.DefaultCacheAwareContextLoaderDelegate]
15:59:15.427 [main] DEBUG org.springframework.test.context.BootstrapUtils - Instantiating BootstrapContext using constructor [public org.springframework.test.context.support.DefaultBootstrapContext(java.lang.Class,org.springframework.test.context.CacheAwareContextLoaderDelegate)]
15:59:15.474 [main] DEBUG org.springframework.test.context.BootstrapUtils - Instantiating TestContextBootstrapper for test class [com.example.BasicApplicationTests] from class [org.springframework.boot.test.context.SpringBootTestContextBootstrapper]
15:59:15.505 [main] INFO org.springframework.boot.test.context.SpringBootTestContextBootstrapper - Neither @ContextConfiguration nor @ContextHierarchy found for test class [com.example.BasicApplicationTests], using SpringBootContextLoader
15:59:15.505 [main] DEBUG org.springframework.test.context.support.AbstractContextLoader - Did not detect default resource location for test class [com.example.BasicApplicationTests]: class path resource [com/example/BasicApplicationTests-context.xml] does not exist
15:59:15.521 [main] DEBUG org.springframework.test.context.support.AbstractContextLoader - Did not detect default resource location for test class [com.example.BasicApplicationTests]: class path resource [com/example/BasicApplicationTestsContext.groovy] does not exist
15:59:15.521 [main] INFO org.springframework.test.context.support.AbstractContextLoader - Could not detect default resource locations for test class [com.example.BasicApplicationTests]: no resource found for suffixes {-context.xml, Context.groovy}.
15:59:15.521 [main] INFO org.springframework.test.context.support.AnnotationConfigContextLoaderUtils - Could not detect default configuration classes for test class [com.example.BasicApplicationTests]: BasicApplicationTests does not declare any static, non-private, non-final, nested classes annotated with @Configuration.
15:59:15.614 [main] DEBUG org.springframework.test.context.support.ActiveProfilesUtils - Could not find an 'annotation declaring class' for annotation type [org.springframework.test.context.ActiveProfiles] and class [com.example.BasicApplicationTests]
15:59:15.630 [main] DEBUG org.springframework.core.env.StandardEnvironment - Adding PropertySource 'systemProperties' with lowest search precedence
15:59:15.630 [main] DEBUG org.springframework.core.env.StandardEnvironment - Adding PropertySource 'systemEnvironment' with lowest search precedence
15:59:15.630 [main] DEBUG org.springframework.core.env.StandardEnvironment - Initialized StandardEnvironment with PropertySources [MapPropertySource@32863545 {name='systemProperties', properties={java.runtime.name=Java(TM) SE Runtime Environment, sun.boot.library.path=C:\Program Files\Java\jdk1.8.0_162\jre\bin, java.vm.version=25.162-b12, java.vm.vendor=Oracle Corporation, java.vendor.url=http://java.oracle.com/, path.separator=;, java.vm.name=Java HotSpot(TM) 64-Bit Server VM, file.encoding.pkg=sun.io, user.country=BR, user.script=, sun.java.launcher=SUN_STANDARD, sun.os.patch.level=Service Pack 1, java.vm.specification.name=Java Virtual Machine Specification, user.dir=C:\Dev\training\algaworks\Rest\springBootIntro\SpringBootIntro, java.runtime.version=1.8.0_162-b12, basedir=C:\Dev\training\algaworks\Rest\springBootIntro\SpringBootIntro, java.awt.graphicsenv=sun.awt.Win32GraphicsEnvironment, java.endorsed.dirs=C:\Program Files\Java\jdk1.8.0_162\jre\lib\endorsed, os.arch=amd64, surefire.real.class.path=C:\Dev\training\algaworks\Rest\springBootIntro\SpringBootIntro\target\surefire\surefirebooter2165287880627686109.jar, java.io.tmpdir=C:\Users\user\AppData\Local\Temp\, line.separator=
, java.vm.specification.vendor=Oracle Corporation, user.variant=, os.name=Windows 7, maven.ext.class.path=C:\Program Files\NetBeans 8.2\java\maven-nblib\netbeans-eventspy.jar, sun.jnu.encoding=Cp1252, java.library.path=C:\Program Files\Java\jdk1.8.0_162\jre\bin;C:\Windows\Sun\Java\bin;C:\Windows\system32;C:\Windows;C:\Program Files (x86)\Python36-32\Scripts\;C:\Program Files (x86)\Python36-32\;C:\Python27\;C:\Python27\Scripts;C:\Program Files (x86)\Common Files\Oracle\Java\javapath;C:\ProgramData\Oracle\Java\javapath;C:\Windows\system32;C:\Windows;C:\Windows\System32\Wbem;C:\Windows\System32\WindowsPowerShell\v1.0\;C:\Program Files (x86)\Intel\OpenCL SDK\2.0\bin\x86;C:\Program Files (x86)\Intel\OpenCL SDK\2.0\bin\x64;C:\Program Files\MATLAB\R2017a\runtime\win64;C:\Program Files\MATLAB\R2017a\bin;C:\Program Files\WIDCOMM\Bluetooth Software\;C:\Program Files\WIDCOMM\Bluetooth Software\syswow64;;C:\Program Files (x86)\Intel\OpenCL SDK\2.0\bin\x86;C:\Program Files (x86)\Intel\OpenCL SDK\2.0\bin\x64;C:\Program Files (x86)\MySQL\MySQL Utilities 1.6\;., surefire.test.class.path=C:\Dev\training\algaworks\Rest\springBootIntro\SpringBootIntro\target\test-classes;C:\Dev\training\algaworks\Rest\springBootIntro\SpringBootIntro\target\classes;C:\Users\user\.m2\repository\org\springframework\boot\spring-boot-starter-data-jpa\1.5.7.RELEASE\spring-boot-starter-data-jpa-1.5.7.RELEASE.jar;C:\Users\user\.m2\repository\org\springframework\boot\spring-boot-starter-aop\1.5.7.RELEASE\spring-boot-starter-aop-1.5.7.RELEASE.jar;C:\Users\user\.m2\repository\org\springframework\spring-aop\4.3.11.RELEASE\spring-aop-4.3.11.RELEASE.jar;C:\Users\user\.m2\repository\org\aspectj\aspectjweaver\1.8.10\aspectjweaver-1.8.10.jar;C:\Users\user\.m2\repository\org\springframework\boot\spring-boot-starter-jdbc\1.5.7.RELEASE\spring-boot-starter-jdbc-1.5.7.RELEASE.jar;C:\Users\user\.m2\repository\org\apache\tomcat\tomcat-jdbc\8.5.20\tomcat-jdbc-8.5.20.jar;C:\Users\user\.m2\repository\org\apache\tomcat\tomcat-juli\8.5.20\tomcat-juli-8.5.20.jar;C:\Users\user\.m2\repository\org\springframework\spring-jdbc\4.3.11.RELEASE\spring-jdbc-4.3.11.RELEASE.jar;C:\Users\user\.m2\repository\org\hibernate\hibernate-core\5.0.12.Final\hibernate-core-5.0.12.Final.jar;C:\Users\user\.m2\repository\org\hibernate\javax\persistence\hibernate-jpa-2.1-api\1.0.0.Final\hibernate-jpa-2.1-api-1.0.0.Final.jar;C:\Users\user\.m2\repository\org\javassist\javassist\3.21.0-GA\javassist-3.21.0-GA.jar;C:\Users\user\.m2\repository\antlr\antlr\2.7.7\antlr-2.7.7.jar;C:\Users\user\.m2\repository\org\jboss\jandex\2.0.0.Final\jandex-2.0.0.Final.jar;C:\Users\user\.m2\repository\dom4j\dom4j\1.6.1\dom4j-1.6.1.jar;C:\Users\user\.m2\repository\org\hibernate\common\hibernate-commons-annotations\5.0.1.Final\hibernate-commons-annotations-5.0.1.Final.jar;C:\Users\user\.m2\repository\org\hibernate\hibernate-entitymanager\5.0.12.Final\hibernate-entitymanager-5.0.12.Final.jar;C:\Users\user\.m2\repository\javax\transaction\javax.transaction-api\1.2\javax.transaction-api-1.2.jar;C:\Users\user\.m2\repository\org\springframework\data\spring-data-jpa\1.11.7.RELEASE\spring-data-jpa-1.11.7.RELEASE.jar;C:\Users\user\.m2\repository\org\springframework\data\spring-data-commons\1.13.7.RELEASE\spring-data-commons-1.13.7.RELEASE.jar;C:\Users\user\.m2\repository\org\springframework\spring-orm\4.3.11.RELEASE\spring-orm-4.3.11.RELEASE.jar;C:\Users\user\.m2\repository\org\springframework\spring-context\4.3.11.RELEASE\spring-context-4.3.11.RELEASE.jar;C:\Users\user\.m2\repository\org\springframework\spring-tx\4.3.11.RELEASE\spring-tx-4.3.11.RELEASE.jar;C:\Users\user\.m2\repository\org\springframework\spring-beans\4.3.11.RELEASE\spring-beans-4.3.11.RELEASE.jar;C:\Users\user\.m2\repository\org\slf4j\slf4j-api\1.7.25\slf4j-api-1.7.25.jar;C:\Users\user\.m2\repository\org\slf4j\jcl-over-slf4j\1.7.25\jcl-over-slf4j-1.7.25.jar;C:\Users\user\.m2\repository\org\springframework\spring-aspects\4.3.11.RELEASE\spring-aspects-4.3.11.RELEASE.jar;C:\Users\user\.m2\repository\org\springframework\boot\spring-boot-starter-web\1.5.7.RELEASE\spring-boot-starter-web-1.5.7.RELEASE.jar;C:\Users\user\.m2\repository\org\springframework\boot\spring-boot-starter-tomcat\1.5.7.RELEASE\spring-boot-starter-tomcat-1.5.7.RELEASE.jar;C:\Users\user\.m2\repository\org\apache\tomcat\embed\tomcat-embed-el\8.5.20\tomcat-embed-el-8.5.20.jar;C:\Users\user\.m2\repository\org\apache\tomcat\embed\tomcat-embed-websocket\8.5.20\tomcat-embed-websocket-8.5.20.jar;C:\Users\user\.m2\repository\org\hibernate\hibernate-validator\5.3.5.Final\hibernate-validator-5.3.5.Final.jar;C:\Users\user\.m2\repository\javax\validation\validation-api\1.1.0.Final\validation-api-1.1.0.Final.jar;C:\Users\user\.m2\repository\com\fasterxml\classmate\1.3.4\classmate-1.3.4.jar;C:\Users\user\.m2\repository\com\fasterxml\jackson\core\jackson-databind\2.8.10\jackson-databind-2.8.10.jar;C:\Users\user\.m2\repository\org\springframework\spring-web\4.3.11.RELEASE\spring-web-4.3.11.RELEASE.jar;C:\Users\user\.m2\repository\org\springframework\spring-webmvc\4.3.11.RELEASE\spring-webmvc-4.3.11.RELEASE.jar;C:\Users\user\.m2\repository\org\springframework\spring-expression\4.3.11.RELEASE\spring-expression-4.3.11.RELEASE.jar;C:\Users\user\.m2\repository\org\springframework\boot\spring-boot-devtools\1.5.7.RELEASE\spring-boot-devtools-1.5.7.RELEASE.jar;C:\Users\user\.m2\repository\org\springframework\boot\spring-boot\1.5.7.RELEASE\spring-boot-1.5.7.RELEASE.jar;C:\Users\user\.m2\repository\org\springframework\boot\spring-boot-autoconfigure\1.5.7.RELEASE\spring-boot-autoconfigure-1.5.7.RELEASE.jar;C:\Users\user\.m2\repository\org\springframework\boot\spring-boot-starter\1.5.7.RELEASE\spring-boot-starter-1.5.7.RELEASE.jar;C:\Users\user\.m2\repository\org\springframework\boot\spring-boot-starter-logging\1.5.7.RELEASE\spring-boot-starter-logging-1.5.7.RELEASE.jar;C:\Users\user\.m2\repository\ch\qos\logback\logback-classic\1.1.11\logback-classic-1.1.11.jar;C:\Users\user\.m2\repository\ch\qos\logback\logback-core\1.1.11\logback-core-1.1.11.jar;C:\Users\user\.m2\repository\org\slf4j\jul-to-slf4j\1.7.25\jul-to-slf4j-1.7.25.jar;C:\Users\user\.m2\repository\org\slf4j\log4j-over-slf4j\1.7.25\log4j-over-slf4j-1.7.25.jar;C:\Users\user\.m2\repository\org\springframework\spring-core\4.3.11.RELEASE\spring-core-4.3.11.RELEASE.jar;C:\Users\user\.m2\repository\org\yaml\snakeyaml\1.17\snakeyaml-1.17.jar;C:\Users\user\.m2\repository\org\springframework\boot\spring-boot-configuration-processor\1.5.7.RELEASE\spring-boot-configuration-processor-1.5.7.RELEASE.jar;C:\Users\user\.m2\repository\com\vaadin\external\google\android-json\0.0.20131108.vaadin1\android-json-0.0.20131108.vaadin1.jar;C:\Users\user\.m2\repository\org\springframework\boot\spring-boot-starter-test\1.5.7.RELEASE\spring-boot-starter-test-1.5.7.RELEASE.jar;C:\Users\user\.m2\repository\org\springframework\boot\spring-boot-test\1.5.7.RELEASE\spring-boot-test-1.5.7.RELEASE.jar;C:\Users\user\.m2\repository\org\springframework\boot\spring-boot-test-autoconfigure\1.5.7.RELEASE\spring-boot-test-autoconfigure-1.5.7.RELEASE.jar;C:\Users\user\.m2\repository\com\jayway\jsonpath\json-path\2.2.0\json-path-2.2.0.jar;C:\Users\user\.m2\repository\net\minidev\json-smart\2.2.1\json-smart-2.2.1.jar;C:\Users\user\.m2\repository\net\minidev\accessors-smart\1.1\accessors-smart-1.1.jar;C:\Users\user\.m2\repository\org\ow2\asm\asm\5.0.3\asm-5.0.3.jar;C:\Users\user\.m2\repository\junit\junit\4.12\junit-4.12.jar;C:\Users\user\.m2\repository\org\assertj\assertj-core\2.6.0\assertj-core-2.6.0.jar;C:\Users\user\.m2\repository\org\mockito\mockito-core\1.10.19\mockito-core-1.10.19.jar;C:\Users\user\.m2\repository\org\objenesis\objenesis\2.1\objenesis-2.1.jar;C:\Users\user\.m2\repository\org\hamcrest\hamcrest-core\1.3\hamcrest-core-1.3.jar;C:\Users\user\.m2\repository\org\hamcrest\hamcrest-library\1.3\hamcrest-library-1.3.jar;C:\Users\user\.m2\repository\org\skyscreamer\jsonassert\1.4.0\jsonassert-1.4.0.jar;C:\Users\user\.m2\repository\org\springframework\spring-test\4.3.11.RELEASE\spring-test-4.3.11.RELEASE.jar;C:\Users\user\.m2\repository\mysql\mysql-connector-java\5.1.44\mysql-connector-java-5.1.44.jar;C:\Users\user\.m2\repository\org\flywaydb\flyway-core\3.2.1\flyway-core-3.2.1.jar;C:\Users\user\.m2\repository\org\hibernate\hibernate-java8\5.0.12.Final\hibernate-java8-5.0.12.Final.jar;C:\Users\user\.m2\repository\org\jboss\logging\jboss-logging\3.3.1.Final\jboss-logging-3.3.1.Final.jar;C:\Users\user\.m2\repository\com\fasterxml\jackson\datatype\jackson-datatype-jsr310\2.8.10\jackson-datatype-jsr310-2.8.10.jar;C:\Users\user\.m2\repository\com\fasterxml\jackson\core\jackson-annotations\2.8.0\jackson-annotations-2.8.0.jar;C:\Users\user\.m2\repository\com\fasterxml\jackson\core\jackson-core\2.8.10\jackson-core-2.8.10.jar;C:\Users\user\.m2\repository\org\apache\tomcat\embed\tomcat-embed-core\8.5.20\tomcat-embed-core-8.5.20.jar;, java.specification.name=Java Platform API Specification, java.class.version=52.0, sun.management.compiler=HotSpot 64-Bit Tiered Compilers, os.version=6.1, user.home=C:\Users\user, user.timezone=America/Sao_Paulo, java.awt.printerjob=sun.awt.windows.WPrinterJob, file.encoding=UTF-8, java.specification.version=1.8, java.class.path=C:\Dev\training\algaworks\Rest\springBootIntro\SpringBootIntro\target\test-classes;C:\Dev\training\algaworks\Rest\springBootIntro\SpringBootIntro\target\classes;C:\Users\user\.m2\repository\org\springframework\boot\spring-boot-starter-data-jpa\1.5.7.RELEASE\spring-boot-starter-data-jpa-1.5.7.RELEASE.jar;C:\Users\user\.m2\repository\org\springframework\boot\spring-boot-starter-aop\1.5.7.RELEASE\spring-boot-starter-aop-1.5.7.RELEASE.jar;C:\Users\user\.m2\repository\org\springframework\spring-aop\4.3.11.RELEASE\spring-aop-4.3.11.RELEASE.jar;C:\Users\user\.m2\repository\org\aspectj\aspectjweaver\1.8.10\aspectjweaver-1.8.10.jar;C:\Users\user\.m2\repository\org\springframework\boot\spring-boot-starter-jdbc\1.5.7.RELEASE\spring-boot-starter-jdbc-1.5.7.RELEASE.jar;C:\Users\user\.m2\repository\org\apache\tomcat\tomcat-jdbc\8.5.20\tomcat-jdbc-8.5.20.jar;C:\Users\user\.m2\repository\org\apache\tomcat\tomcat-juli\8.5.20\tomcat-juli-8.5.20.jar;C:\Users\user\.m2\repository\org\springframework\spring-jdbc\4.3.11.RELEASE\spring-jdbc-4.3.11.RELEASE.jar;C:\Users\user\.m2\repository\org\hibernate\hibernate-core\5.0.12.Final\hibernate-core-5.0.12.Final.jar;C:\Users\user\.m2\repository\org\hibernate\javax\persistence\hibernate-jpa-2.1-api\1.0.0.Final\hibernate-jpa-2.1-api-1.0.0.Final.jar;C:\Users\user\.m2\repository\org\javassist\javassist\3.21.0-GA\javassist-3.21.0-GA.jar;C:\Users\user\.m2\repository\antlr\antlr\2.7.7\antlr-2.7.7.jar;C:\Users\user\.m2\repository\org\jboss\jandex\2.0.0.Final\jandex-2.0.0.Final.jar;C:\Users\user\.m2\repository\dom4j\dom4j\1.6.1\dom4j-1.6.1.jar;C:\Users\user\.m2\repository\org\hibernate\common\hibernate-commons-annotations\5.0.1.Final\hibernate-commons-annotations-5.0.1.Final.jar;C:\Users\user\.m2\repository\org\hibernate\hibernate-entitymanager\5.0.12.Final\hibernate-entitymanager-5.0.12.Final.jar;C:\Users\user\.m2\repository\javax\transaction\javax.transaction-api\1.2\javax.transaction-api-1.2.jar;C:\Users\user\.m2\repository\org\springframework\data\spring-data-jpa\1.11.7.RELEASE\spring-data-jpa-1.11.7.RELEASE.jar;C:\Users\user\.m2\repository\org\springframework\data\spring-data-commons\1.13.7.RELEASE\spring-data-commons-1.13.7.RELEASE.jar;C:\Users\user\.m2\repository\org\springframework\spring-orm\4.3.11.RELEASE\spring-orm-4.3.11.RELEASE.jar;C:\Users\user\.m2\repository\org\springframework\spring-context\4.3.11.RELEASE\spring-context-4.3.11.RELEASE.jar;C:\Users\user\.m2\repository\org\springframework\spring-tx\4.3.11.RELEASE\spring-tx-4.3.11.RELEASE.jar;C:\Users\user\.m2\repository\org\springframework\spring-beans\4.3.11.RELEASE\spring-beans-4.3.11.RELEASE.jar;C:\Users\user\.m2\repository\org\slf4j\slf4j-api\1.7.25\slf4j-api-1.7.25.jar;C:\Users\user\.m2\repository\org\slf4j\jcl-over-slf4j\1.7.25\jcl-over-slf4j-1.7.25.jar;C:\Users\user\.m2\repository\org\springframework\spring-aspects\4.3.11.RELEASE\spring-aspects-4.3.11.RELEASE.jar;C:\Users\user\.m2\repository\org\springframework\boot\spring-boot-starter-web\1.5.7.RELEASE\spring-boot-starter-web-1.5.7.RELEASE.jar;C:\Users\user\.m2\repository\org\springframework\boot\spring-boot-starter-tomcat\1.5.7.RELEASE\spring-boot-starter-tomcat-1.5.7.RELEASE.jar;C:\Users\user\.m2\repository\org\apache\tomcat\embed\tomcat-embed-el\8.5.20\tomcat-embed-el-8.5.20.jar;C:\Users\user\.m2\repository\org\apache\tomcat\embed\tomcat-embed-websocket\8.5.20\tomcat-embed-websocket-8.5.20.jar;C:\Users\user\.m2\repository\org\hibernate\hibernate-validator\5.3.5.Final\hibernate-validator-5.3.5.Final.jar;C:\Users\user\.m2\repository\javax\validation\validation-api\1.1.0.Final\validation-api-1.1.0.Final.jar;C:\Users\user\.m2\repository\com\fasterxml\classmate\1.3.4\classmate-1.3.4.jar;C:\Users\user\.m2\repository\com\fasterxml\jackson\core\jackson-databind\2.8.10\jackson-databind-2.8.10.jar;C:\Users\user\.m2\repository\org\springframework\spring-web\4.3.11.RELEASE\spring-web-4.3.11.RELEASE.jar;C:\Users\user\.m2\repository\org\springframework\spring-webmvc\4.3.11.RELEASE\spring-webmvc-4.3.11.RELEASE.jar;C:\Users\user\.m2\repository\org\springframework\spring-expression\4.3.11.RELEASE\spring-expression-4.3.11.RELEASE.jar;C:\Users\user\.m2\repository\org\springframework\boot\spring-boot-devtools\1.5.7.RELEASE\spring-boot-devtools-1.5.7.RELEASE.jar;C:\Users\user\.m2\repository\org\springframework\boot\spring-boot\1.5.7.RELEASE\spring-boot-1.5.7.RELEASE.jar;C:\Users\user\.m2\repository\org\springframework\boot\spring-boot-autoconfigure\1.5.7.RELEASE\spring-boot-autoconfigure-1.5.7.RELEASE.jar;C:\Users\user\.m2\repository\org\springframework\boot\spring-boot-starter\1.5.7.RELEASE\spring-boot-starter-1.5.7.RELEASE.jar;C:\Users\user\.m2\repository\org\springframework\boot\spring-boot-starter-logging\1.5.7.RELEASE\spring-boot-starter-logging-1.5.7.RELEASE.jar;C:\Users\user\.m2\repository\ch\qos\logback\logback-classic\1.1.11\logback-classic-1.1.11.jar;C:\Users\user\.m2\repository\ch\qos\logback\logback-core\1.1.11\logback-core-1.1.11.jar;C:\Users\user\.m2\repository\org\slf4j\jul-to-slf4j\1.7.25\jul-to-slf4j-1.7.25.jar;C:\Users\user\.m2\repository\org\slf4j\log4j-over-slf4j\1.7.25\log4j-over-slf4j-1.7.25.jar;C:\Users\user\.m2\repository\org\springframework\spring-core\4.3.11.RELEASE\spring-core-4.3.11.RELEASE.jar;C:\Users\user\.m2\repository\org\yaml\snakeyaml\1.17\snakeyaml-1.17.jar;C:\Users\user\.m2\repository\org\springframework\boot\spring-boot-configuration-processor\1.5.7.RELEASE\spring-boot-configuration-processor-1.5.7.RELEASE.jar;C:\Users\user\.m2\repository\com\vaadin\external\google\android-json\0.0.20131108.vaadin1\android-json-0.0.20131108.vaadin1.jar;C:\Users\user\.m2\repository\org\springframework\boot\spring-boot-starter-test\1.5.7.RELEASE\spring-boot-starter-test-1.5.7.RELEASE.jar;C:\Users\user\.m2\repository\org\springframework\boot\spring-boot-test\1.5.7.RELEASE\spring-boot-test-1.5.7.RELEASE.jar;C:\Users\user\.m2\repository\org\springframework\boot\spring-boot-test-autoconfigure\1.5.7.RELEASE\spring-boot-test-autoconfigure-1.5.7.RELEASE.jar;C:\Users\user\.m2\repository\com\jayway\jsonpath\json-path\2.2.0\json-path-2.2.0.jar;C:\Users\user\.m2\repository\net\minidev\json-smart\2.2.1\json-smart-2.2.1.jar;C:\Users\user\.m2\repository\net\minidev\accessors-smart\1.1\accessors-smart-1.1.jar;C:\Users\user\.m2\repository\org\ow2\asm\asm\5.0.3\asm-5.0.3.jar;C:\Users\user\.m2\repository\junit\junit\4.12\junit-4.12.jar;C:\Users\user\.m2\repository\org\assertj\assertj-core\2.6.0\assertj-core-2.6.0.jar;C:\Users\user\.m2\repository\org\mockito\mockito-core\1.10.19\mockito-core-1.10.19.jar;C:\Users\user\.m2\repository\org\objenesis\objenesis\2.1\objenesis-2.1.jar;C:\Users\user\.m2\repository\org\hamcrest\hamcrest-core\1.3\hamcrest-core-1.3.jar;C:\Users\user\.m2\repository\org\hamcrest\hamcrest-library\1.3\hamcrest-library-1.3.jar;C:\Users\user\.m2\repository\org\skyscreamer\jsonassert\1.4.0\jsonassert-1.4.0.jar;C:\Users\user\.m2\repository\org\springframework\spring-test\4.3.11.RELEASE\spring-test-4.3.11.RELEASE.jar;C:\Users\user\.m2\repository\mysql\mysql-connector-java\5.1.44\mysql-connector-java-5.1.44.jar;C:\Users\user\.m2\repository\org\flywaydb\flyway-core\3.2.1\flyway-core-3.2.1.jar;C:\Users\user\.m2\repository\org\hibernate\hibernate-java8\5.0.12.Final\hibernate-java8-5.0.12.Final.jar;C:\Users\user\.m2\repository\org\jboss\logging\jboss-logging\3.3.1.Final\jboss-logging-3.3.1.Final.jar;C:\Users\user\.m2\repository\com\fasterxml\jackson\datatype\jackson-datatype-jsr310\2.8.10\jackson-datatype-jsr310-2.8.10.jar;C:\Users\user\.m2\repository\com\fasterxml\jackson\core\jackson-annotations\2.8.0\jackson-annotations-2.8.0.jar;C:\Users\user\.m2\repository\com\fasterxml\jackson\core\jackson-core\2.8.10\jackson-core-2.8.10.jar;C:\Users\user\.m2\repository\org\apache\tomcat\embed\tomcat-embed-core\8.5.20\tomcat-embed-core-8.5.20.jar;, user.name=user, java.vm.specification.version=1.8, sun.java.command=C:\Dev\training\algaworks\Rest\springBootIntro\SpringBootIntro\target\surefire\surefirebooter2165287880627686109.jar C:\Dev\training\algaworks\Rest\springBootIntro\SpringBootIntro\target\surefire\surefire8940296954909786340tmp C:\Dev\training\algaworks\Rest\springBootIntro\SpringBootIntro\target\surefire\surefire_03144361083882064457tmp, java.home=C:\Program Files\Java\jdk1.8.0_162\jre, sun.arch.data.model=64, user.language=pt, java.specification.vendor=Oracle Corporation, awt.toolkit=sun.awt.windows.WToolkit, java.vm.info=mixed mode, java.version=1.8.0_162, java.ext.dirs=C:\Program Files\Java\jdk1.8.0_162\jre\lib\ext;C:\Windows\Sun\Java\lib\ext, sun.boot.class.path=C:\Program Files\Java\jdk1.8.0_162\jre\lib\resources.jar;C:\Program Files\Java\jdk1.8.0_162\jre\lib\rt.jar;C:\Program Files\Java\jdk1.8.0_162\jre\lib\sunrsasign.jar;C:\Program Files\Java\jdk1.8.0_162\jre\lib\jsse.jar;C:\Program Files\Java\jdk1.8.0_162\jre\lib\jce.jar;C:\Program Files\Java\jdk1.8.0_162\jre\lib\charsets.jar;C:\Program Files\Java\jdk1.8.0_162\jre\lib\jfr.jar;C:\Program Files\Java\jdk1.8.0_162\jre\classes, java.vendor=Oracle Corporation, localRepository=C:\Users\user\.m2\repository, file.separator=\, java.vendor.url.bug=http://bugreport.sun.com/bugreport/, sun.io.unicode.encoding=UnicodeLittle, sun.cpu.endian=little, sun.desktop=windows, sun.cpu.isalist=amd64}}, SystemEnvironmentPropertySource@1995616381 {name='systemEnvironment', properties={PATH=C:\Program Files (x86)\Python36-32\Scripts\;C:\Program Files (x86)\Python36-32\;C:\Python27\;C:\Python27\Scripts;C:\Program Files (x86)\Common Files\Oracle\Java\javapath;C:\ProgramData\Oracle\Java\javapath;C:\Windows\system32;C:\Windows;C:\Windows\System32\Wbem;C:\Windows\System32\WindowsPowerShell\v1.0\;C:\Program Files (x86)\Intel\OpenCL SDK\2.0\bin\x86;C:\Program Files (x86)\Intel\OpenCL SDK\2.0\bin\x64;C:\Program Files\MATLAB\R2017a\runtime\win64;C:\Program Files\MATLAB\R2017a\bin;C:\Program Files\WIDCOMM\Bluetooth Software\;C:\Program Files\WIDCOMM\Bluetooth Software\syswow64;;C:\Program Files (x86)\Intel\OpenCL SDK\2.0\bin\x86;C:\Program Files (x86)\Intel\OpenCL SDK\2.0\bin\x64;C:\Program Files (x86)\MySQL\MySQL Utilities 1.6\, PROCESSOR_LEVEL=6, SYSTEMDRIVE=C:, FP_NO_HOST_CHECK=NO, SESSIONNAME=Console, ALLUSERSPROFILE=C:\ProgramData, PROCESSOR_ARCHITECTURE=AMD64, NB_EXEC_MAVEN_PROCESS_UUID=d90c5501-477c-450f-a7ae-541d695347ea, PROGRAMFILES=C:\Program Files, MOZ_PLUGIN_PATH=C:\Program Files (x86)\Foxit Software\Foxit Reader\plugins\, PSMODULEPATH=C:\Windows\system32\WindowsPowerShell\v1.0\Modules\, PROGRAMDATA=C:\ProgramData, USERNAME=user, ONEDRIVE=C:\Users\user\OneDrive, PATHEXT=.COM;.EXE;.BAT;.CMD;.VBS;.VBE;.JS;.JSE;.WSF;.WSH;.MSC;.PY;.PYW, CLASSWORLDS_JAR="C:\Program Files\NetBeans 8.2\java\maven\boot\plexus-classworlds-2.4.jar", WINDIR=C:\Windows, HOMEPATH=\Users\user, PROCESSOR_IDENTIFIER=Intel64 Family 6 Model 42 Stepping 7, GenuineIntel, M2_HOME=C:\Program Files\NetBeans 8.2\java\maven, MAVEN_JAVA_EXE="C:\Program Files\Java\jdk1.8.0_162\bin\java.exe", PUBLIC=C:\Users\Public, =::=::\, LOCALAPPDATA=C:\Users\user\AppData\Local, COMMONPROGRAMFILES(X86)=C:\Program Files (x86)\Common Files, USERDOMAIN=notebook, LOGONSERVER=\\NOTEBOOK, JAVA_HOME=C:\Program Files\Java\jdk1.8.0_162, PROMPT=$P$G, PROGRAMFILES(X86)=C:\Program Files (x86), ERROR_CODE=0, =C:=C:\Dev\training\algaworks\Rest\springBootIntro\SpringBootIntro, APPDATA=C:\Users\user\AppData\Roaming, PROGRAMW6432=C:\Program Files, SYSTEMROOT=C:\Windows, MAVEN_CMD_LINE_ARGS=-Dmaven.ext.class.path="C:\Program Files\NetBeans 8.2\java\maven-nblib\netbeans-eventspy.jar" -Dfile.encoding=UTF-8 clean install, OS=Windows_NT, COMMONPROGRAMW6432=C:\Program Files\Common Files, COMPUTERNAME=NOTEBOOK, COMMONPROGRAMFILES=C:\Program Files\Common Files, COMSPEC=C:\Windows\system32\cmd.exe, PROCESSOR_REVISION=2a07, CLASSWORLDS_LAUNCHER=org.codehaus.plexus.classworlds.launcher.Launcher, TEMP=C:\Users\user\AppData\Local\Temp, HOMEDRIVE=C:, USERPROFILE=C:\Users\user, TMP=C:\Users\user\AppData\Local\Temp, NUMBER_OF_PROCESSORS=4, HOME=C:\Users\user}}]
15:59:15.661 [main] DEBUG org.springframework.core.io.support.PathMatchingResourcePatternResolver - Resolved classpath location [com/example/] to resources [URL [file:/C:/Dev/training/algaworks/Rest/springBootIntro/SpringBootIntro/target/test-classes/com/example/], URL [file:/C:/Dev/training/algaworks/Rest/springBootIntro/SpringBootIntro/target/classes/com/example/]]
15:59:15.661 [main] DEBUG org.springframework.core.io.support.PathMatchingResourcePatternResolver - Looking for matching resources in directory tree [C:\Dev\training\algaworks\Rest\springBootIntro\SpringBootIntro\target\test-classes\com\example]
15:59:15.661 [main] DEBUG org.springframework.core.io.support.PathMatchingResourcePatternResolver - Searching directory [C:\Dev\training\algaworks\Rest\springBootIntro\SpringBootIntro\target\test-classes\com\example] for files matching pattern [C:/Dev/training/algaworks/Rest/springBootIntro/SpringBootIntro/target/test-classes/com/example/*.class]
15:59:15.661 [main] DEBUG org.springframework.core.io.support.PathMatchingResourcePatternResolver - Looking for matching resources in directory tree [C:\Dev\training\algaworks\Rest\springBootIntro\SpringBootIntro\target\classes\com\example]
15:59:15.661 [main] DEBUG org.springframework.core.io.support.PathMatchingResourcePatternResolver - Searching directory [C:\Dev\training\algaworks\Rest\springBootIntro\SpringBootIntro\target\classes\com\example] for files matching pattern [C:/Dev/training/algaworks/Rest/springBootIntro/SpringBootIntro/target/classes/com/example/*.class]
15:59:15.661 [main] DEBUG org.springframework.core.io.support.PathMatchingResourcePatternResolver - Resolved location pattern [classpath*:com/example/*.class] to resources [file [C:\Dev\training\algaworks\Rest\springBootIntro\SpringBootIntro\target\test-classes\com\example\BasicApplicationTests.class], file [C:\Dev\training\algaworks\Rest\springBootIntro\SpringBootIntro\target\classes\com\example\BasicApplication.class]]
15:59:15.817 [main] DEBUG org.springframework.context.annotation.ClassPathScanningCandidateComponentProvider - Identified candidate component class: file [C:\Dev\training\algaworks\Rest\springBootIntro\SpringBootIntro\target\classes\com\example\BasicApplication.class]
15:59:15.817 [main] INFO org.springframework.boot.test.context.SpringBootTestContextBootstrapper - Found @SpringBootConfiguration com.example.BasicApplication for test class com.example.BasicApplicationTests
15:59:15.833 [main] DEBUG org.springframework.boot.test.context.SpringBootTestContextBootstrapper - @TestExecutionListeners is not present for class [com.example.BasicApplicationTests]: using defaults.
15:59:15.833 [main] INFO org.springframework.boot.test.context.SpringBootTestContextBootstrapper - Loaded default TestExecutionListener class names from location [META-INF/spring.factories]: [org.springframework.boot.test.mock.mockito.MockitoTestExecutionListener, org.springframework.boot.test.mock.mockito.ResetMocksTestExecutionListener, org.springframework.boot.test.autoconfigure.restdocs.RestDocsTestExecutionListener, org.springframework.boot.test.autoconfigure.web.client.MockRestServiceServerResetTestExecutionListener, org.springframework.boot.test.autoconfigure.web.servlet.MockMvcPrintOnlyOnFailureTestExecutionListener, org.springframework.boot.test.autoconfigure.web.servlet.WebDriverTestExecutionListener, org.springframework.test.context.web.ServletTestExecutionListener, org.springframework.test.context.support.DirtiesContextBeforeModesTestExecutionListener, org.springframework.test.context.support.DependencyInjectionTestExecutionListener, org.springframework.test.context.support.DirtiesContextTestExecutionListener, org.springframework.test.context.transaction.TransactionalTestExecutionListener, org.springframework.test.context.jdbc.SqlScriptsTestExecutionListener]
15:59:15.895 [main] INFO org.springframework.boot.test.context.SpringBootTestContextBootstrapper - Using TestExecutionListeners: [org.springframework.test.context.web.ServletTestExecutionListener@12405818, org.springframework.test.context.support.DirtiesContextBeforeModesTestExecutionListener@314c508a, org.springframework.boot.test.autoconfigure.SpringBootDependencyInjectionTestExecutionListener@10b48321, org.springframework.test.context.support.DirtiesContextTestExecutionListener@6b67034, org.springframework.test.context.transaction.TransactionalTestExecutionListener@16267862, org.springframework.test.context.jdbc.SqlScriptsTestExecutionListener@453da22c, org.springframework.boot.test.mock.mockito.MockitoTestExecutionListener@71248c21, org.springframework.boot.test.autoconfigure.web.client.MockRestServiceServerResetTestExecutionListener@442675e1, org.springframework.boot.test.mock.mockito.ResetMocksTestExecutionListener@6166e06f, org.springframework.boot.test.autoconfigure.web.servlet.WebDriverTestExecutionListener@49e202ad, org.springframework.boot.test.autoconfigure.restdocs.RestDocsTestExecutionListener@1c72da34, org.springframework.boot.test.autoconfigure.web.servlet.MockMvcPrintOnlyOnFailureTestExecutionListener@6b0c2d26]
15:59:15.911 [main] DEBUG org.springframework.test.annotation.ProfileValueUtils - Retrieved @ProfileValueSourceConfiguration [null] for test class [com.example.BasicApplicationTests]
15:59:15.911 [main] DEBUG org.springframework.test.annotation.ProfileValueUtils - Retrieved ProfileValueSource type [class org.springframework.test.annotation.SystemProfileValueSource] for class [com.example.BasicApplicationTests]
15:59:15.911 [main] DEBUG org.springframework.test.context.junit4.SpringJUnit4ClassRunner - SpringJUnit4ClassRunner constructor called with [class com.example.BasicApplicationTests]
15:59:15.911 [main] DEBUG org.springframework.test.context.BootstrapUtils - Instantiating CacheAwareContextLoaderDelegate from class [org.springframework.test.context.cache.DefaultCacheAwareContextLoaderDelegate]
15:59:15.911 [main] DEBUG org.springframework.test.context.BootstrapUtils - Instantiating BootstrapContext using constructor [public org.springframework.test.context.support.DefaultBootstrapContext(java.lang.Class,org.springframework.test.context.CacheAwareContextLoaderDelegate)]
15:59:15.911 [main] DEBUG org.springframework.test.context.BootstrapUtils - Instantiating TestContextBootstrapper for test class [com.example.BasicApplicationTests] from class [org.springframework.boot.test.context.SpringBootTestContextBootstrapper]
15:59:15.926 [main] INFO org.springframework.boot.test.context.SpringBootTestContextBootstrapper - Neither @ContextConfiguration nor @ContextHierarchy found for test class [com.example.BasicApplicationTests], using SpringBootContextLoader
15:59:15.926 [main] DEBUG org.springframework.test.context.support.AbstractContextLoader - Did not detect default resource location for test class [com.example.BasicApplicationTests]: class path resource [com/example/BasicApplicationTests-context.xml] does not exist
15:59:15.926 [main] DEBUG org.springframework.test.context.support.AbstractContextLoader - Did not detect default resource location for test class [com.example.BasicApplicationTests]: class path resource [com/example/BasicApplicationTestsContext.groovy] does not exist
15:59:15.926 [main] INFO org.springframework.test.context.support.AbstractContextLoader - Could not detect default resource locations for test class [com.example.BasicApplicationTests]: no resource found for suffixes {-context.xml, Context.groovy}.
15:59:15.926 [main] INFO org.springframework.test.context.support.AnnotationConfigContextLoaderUtils - Could not detect default configuration classes for test class [com.example.BasicApplicationTests]: BasicApplicationTests does not declare any static, non-private, non-final, nested classes annotated with @Configuration.
15:59:15.942 [main] DEBUG org.springframework.test.context.support.ActiveProfilesUtils - Could not find an 'annotation declaring class' for annotation type [org.springframework.test.context.ActiveProfiles] and class [com.example.BasicApplicationTests]
15:59:15.942 [main] DEBUG org.springframework.core.env.StandardEnvironment - Adding PropertySource 'systemProperties' with lowest search precedence
15:59:15.942 [main] DEBUG org.springframework.core.env.StandardEnvironment - Adding PropertySource 'systemEnvironment' with lowest search precedence
15:59:15.942 [main] DEBUG org.springframework.core.env.StandardEnvironment - Initialized StandardEnvironment with PropertySources [MapPropertySource@878274034 {name='systemProperties', properties={java.runtime.name=Java(TM) SE Runtime Environment, sun.boot.library.path=C:\Program Files\Java\jdk1.8.0_162\jre\bin, java.vm.version=25.162-b12, java.vm.vendor=Oracle Corporation, java.vendor.url=http://java.oracle.com/, path.separator=;, java.vm.name=Java HotSpot(TM) 64-Bit Server VM, file.encoding.pkg=sun.io, user.country=BR, user.script=, sun.java.launcher=SUN_STANDARD, sun.os.patch.level=Service Pack 1, java.vm.specification.name=Java Virtual Machine Specification, user.dir=C:\Dev\training\algaworks\Rest\springBootIntro\SpringBootIntro, java.runtime.version=1.8.0_162-b12, basedir=C:\Dev\training\algaworks\Rest\springBootIntro\SpringBootIntro, java.awt.graphicsenv=sun.awt.Win32GraphicsEnvironment, java.endorsed.dirs=C:\Program Files\Java\jdk1.8.0_162\jre\lib\endorsed, os.arch=amd64, surefire.real.class.path=C:\Dev\training\algaworks\Rest\springBootIntro\SpringBootIntro\target\surefire\surefirebooter2165287880627686109.jar, java.io.tmpdir=C:\Users\user\AppData\Local\Temp\, line.separator=
, java.vm.specification.vendor=Oracle Corporation, user.variant=, os.name=Windows 7, maven.ext.class.path=C:\Program Files\NetBeans 8.2\java\maven-nblib\netbeans-eventspy.jar, sun.jnu.encoding=Cp1252, java.library.path=C:\Program Files\Java\jdk1.8.0_162\jre\bin;C:\Windows\Sun\Java\bin;C:\Windows\system32;C:\Windows;C:\Program Files (x86)\Python36-32\Scripts\;C:\Program Files (x86)\Python36-32\;C:\Python27\;C:\Python27\Scripts;C:\Program Files (x86)\Common Files\Oracle\Java\javapath;C:\ProgramData\Oracle\Java\javapath;C:\Windows\system32;C:\Windows;C:\Windows\System32\Wbem;C:\Windows\System32\WindowsPowerShell\v1.0\;C:\Program Files (x86)\Intel\OpenCL SDK\2.0\bin\x86;C:\Program Files (x86)\Intel\OpenCL SDK\2.0\bin\x64;C:\Program Files\MATLAB\R2017a\runtime\win64;C:\Program Files\MATLAB\R2017a\bin;C:\Program Files\WIDCOMM\Bluetooth Software\;C:\Program Files\WIDCOMM\Bluetooth Software\syswow64;;C:\Program Files (x86)\Intel\OpenCL SDK\2.0\bin\x86;C:\Program Files (x86)\Intel\OpenCL SDK\2.0\bin\x64;C:\Program Files (x86)\MySQL\MySQL Utilities 1.6\;., surefire.test.class.path=C:\Dev\training\algaworks\Rest\springBootIntro\SpringBootIntro\target\test-classes;C:\Dev\training\algaworks\Rest\springBootIntro\SpringBootIntro\target\classes;C:\Users\user\.m2\repository\org\springframework\boot\spring-boot-starter-data-jpa\1.5.7.RELEASE\spring-boot-starter-data-jpa-1.5.7.RELEASE.jar;C:\Users\user\.m2\repository\org\springframework\boot\spring-boot-starter-aop\1.5.7.RELEASE\spring-boot-starter-aop-1.5.7.RELEASE.jar;C:\Users\user\.m2\repository\org\springframework\spring-aop\4.3.11.RELEASE\spring-aop-4.3.11.RELEASE.jar;C:\Users\user\.m2\repository\org\aspectj\aspectjweaver\1.8.10\aspectjweaver-1.8.10.jar;C:\Users\user\.m2\repository\org\springframework\boot\spring-boot-starter-jdbc\1.5.7.RELEASE\spring-boot-starter-jdbc-1.5.7.RELEASE.jar;C:\Users\user\.m2\repository\org\apache\tomcat\tomcat-jdbc\8.5.20\tomcat-jdbc-8.5.20.jar;C:\Users\user\.m2\repository\org\apache\tomcat\tomcat-juli\8.5.20\tomcat-juli-8.5.20.jar;C:\Users\user\.m2\repository\org\springframework\spring-jdbc\4.3.11.RELEASE\spring-jdbc-4.3.11.RELEASE.jar;C:\Users\user\.m2\repository\org\hibernate\hibernate-core\5.0.12.Final\hibernate-core-5.0.12.Final.jar;C:\Users\user\.m2\repository\org\hibernate\javax\persistence\hibernate-jpa-2.1-api\1.0.0.Final\hibernate-jpa-2.1-api-1.0.0.Final.jar;C:\Users\user\.m2\repository\org\javassist\javassist\3.21.0-GA\javassist-3.21.0-GA.jar;C:\Users\user\.m2\repository\antlr\antlr\2.7.7\antlr-2.7.7.jar;C:\Users\user\.m2\repository\org\jboss\jandex\2.0.0.Final\jandex-2.0.0.Final.jar;C:\Users\user\.m2\repository\dom4j\dom4j\1.6.1\dom4j-1.6.1.jar;C:\Users\user\.m2\repository\org\hibernate\common\hibernate-commons-annotations\5.0.1.Final\hibernate-commons-annotations-5.0.1.Final.jar;C:\Users\user\.m2\repository\org\hibernate\hibernate-entitymanager\5.0.12.Final\hibernate-entitymanager-5.0.12.Final.jar;C:\Users\user\.m2\repository\javax\transaction\javax.transaction-api\1.2\javax.transaction-api-1.2.jar;C:\Users\user\.m2\repository\org\springframework\data\spring-data-jpa\1.11.7.RELEASE\spring-data-jpa-1.11.7.RELEASE.jar;C:\Users\user\.m2\repository\org\springframework\data\spring-data-commons\1.13.7.RELEASE\spring-data-commons-1.13.7.RELEASE.jar;C:\Users\user\.m2\repository\org\springframework\spring-orm\4.3.11.RELEASE\spring-orm-4.3.11.RELEASE.jar;C:\Users\user\.m2\repository\org\springframework\spring-context\4.3.11.RELEASE\spring-context-4.3.11.RELEASE.jar;C:\Users\user\.m2\repository\org\springframework\spring-tx\4.3.11.RELEASE\spring-tx-4.3.11.RELEASE.jar;C:\Users\user\.m2\repository\org\springframework\spring-beans\4.3.11.RELEASE\spring-beans-4.3.11.RELEASE.jar;C:\Users\user\.m2\repository\org\slf4j\slf4j-api\1.7.25\slf4j-api-1.7.25.jar;C:\Users\user\.m2\repository\org\slf4j\jcl-over-slf4j\1.7.25\jcl-over-slf4j-1.7.25.jar;C:\Users\user\.m2\repository\org\springframework\spring-aspects\4.3.11.RELEASE\spring-aspects-4.3.11.RELEASE.jar;C:\Users\user\.m2\repository\org\springframework\boot\spring-boot-starter-web\1.5.7.RELEASE\spring-boot-starter-web-1.5.7.RELEASE.jar;C:\Users\user\.m2\repository\org\springframework\boot\spring-boot-starter-tomcat\1.5.7.RELEASE\spring-boot-starter-tomcat-1.5.7.RELEASE.jar;C:\Users\user\.m2\repository\org\apache\tomcat\embed\tomcat-embed-el\8.5.20\tomcat-embed-el-8.5.20.jar;C:\Users\user\.m2\repository\org\apache\tomcat\embed\tomcat-embed-websocket\8.5.20\tomcat-embed-websocket-8.5.20.jar;C:\Users\user\.m2\repository\org\hibernate\hibernate-validator\5.3.5.Final\hibernate-validator-5.3.5.Final.jar;C:\Users\user\.m2\repository\javax\validation\validation-api\1.1.0.Final\validation-api-1.1.0.Final.jar;C:\Users\user\.m2\repository\com\fasterxml\classmate\1.3.4\classmate-1.3.4.jar;C:\Users\user\.m2\repository\com\fasterxml\jackson\core\jackson-databind\2.8.10\jackson-databind-2.8.10.jar;C:\Users\user\.m2\repository\org\springframework\spring-web\4.3.11.RELEASE\spring-web-4.3.11.RELEASE.jar;C:\Users\user\.m2\repository\org\springframework\spring-webmvc\4.3.11.RELEASE\spring-webmvc-4.3.11.RELEASE.jar;C:\Users\user\.m2\repository\org\springframework\spring-expression\4.3.11.RELEASE\spring-expression-4.3.11.RELEASE.jar;C:\Users\user\.m2\repository\org\springframework\boot\spring-boot-devtools\1.5.7.RELEASE\spring-boot-devtools-1.5.7.RELEASE.jar;C:\Users\user\.m2\repository\org\springframework\boot\spring-boot\1.5.7.RELEASE\spring-boot-1.5.7.RELEASE.jar;C:\Users\user\.m2\repository\org\springframework\boot\spring-boot-autoconfigure\1.5.7.RELEASE\spring-boot-autoconfigure-1.5.7.RELEASE.jar;C:\Users\user\.m2\repository\org\springframework\boot\spring-boot-starter\1.5.7.RELEASE\spring-boot-starter-1.5.7.RELEASE.jar;C:\Users\user\.m2\repository\org\springframework\boot\spring-boot-starter-logging\1.5.7.RELEASE\spring-boot-starter-logging-1.5.7.RELEASE.jar;C:\Users\user\.m2\repository\ch\qos\logback\logback-classic\1.1.11\logback-classic-1.1.11.jar;C:\Users\user\.m2\repository\ch\qos\logback\logback-core\1.1.11\logback-core-1.1.11.jar;C:\Users\user\.m2\repository\org\slf4j\jul-to-slf4j\1.7.25\jul-to-slf4j-1.7.25.jar;C:\Users\user\.m2\repository\org\slf4j\log4j-over-slf4j\1.7.25\log4j-over-slf4j-1.7.25.jar;C:\Users\user\.m2\repository\org\springframework\spring-core\4.3.11.RELEASE\spring-core-4.3.11.RELEASE.jar;C:\Users\user\.m2\repository\org\yaml\snakeyaml\1.17\snakeyaml-1.17.jar;C:\Users\user\.m2\repository\org\springframework\boot\spring-boot-configuration-processor\1.5.7.RELEASE\spring-boot-configuration-processor-1.5.7.RELEASE.jar;C:\Users\user\.m2\repository\com\vaadin\external\google\android-json\0.0.20131108.vaadin1\android-json-0.0.20131108.vaadin1.jar;C:\Users\user\.m2\repository\org\springframework\boot\spring-boot-starter-test\1.5.7.RELEASE\spring-boot-starter-test-1.5.7.RELEASE.jar;C:\Users\user\.m2\repository\org\springframework\boot\spring-boot-test\1.5.7.RELEASE\spring-boot-test-1.5.7.RELEASE.jar;C:\Users\user\.m2\repository\org\springframework\boot\spring-boot-test-autoconfigure\1.5.7.RELEASE\spring-boot-test-autoconfigure-1.5.7.RELEASE.jar;C:\Users\user\.m2\repository\com\jayway\jsonpath\json-path\2.2.0\json-path-2.2.0.jar;C:\Users\user\.m2\repository\net\minidev\json-smart\2.2.1\json-smart-2.2.1.jar;C:\Users\user\.m2\repository\net\minidev\accessors-smart\1.1\accessors-smart-1.1.jar;C:\Users\user\.m2\repository\org\ow2\asm\asm\5.0.3\asm-5.0.3.jar;C:\Users\user\.m2\repository\junit\junit\4.12\junit-4.12.jar;C:\Users\user\.m2\repository\org\assertj\assertj-core\2.6.0\assertj-core-2.6.0.jar;C:\Users\user\.m2\repository\org\mockito\mockito-core\1.10.19\mockito-core-1.10.19.jar;C:\Users\user\.m2\repository\org\objenesis\objenesis\2.1\objenesis-2.1.jar;C:\Users\user\.m2\repository\org\hamcrest\hamcrest-core\1.3\hamcrest-core-1.3.jar;C:\Users\user\.m2\repository\org\hamcrest\hamcrest-library\1.3\hamcrest-library-1.3.jar;C:\Users\user\.m2\repository\org\skyscreamer\jsonassert\1.4.0\jsonassert-1.4.0.jar;C:\Users\user\.m2\repository\org\springframework\spring-test\4.3.11.RELEASE\spring-test-4.3.11.RELEASE.jar;C:\Users\user\.m2\repository\mysql\mysql-connector-java\5.1.44\mysql-connector-java-5.1.44.jar;C:\Users\user\.m2\repository\org\flywaydb\flyway-core\3.2.1\flyway-core-3.2.1.jar;C:\Users\user\.m2\repository\org\hibernate\hibernate-java8\5.0.12.Final\hibernate-java8-5.0.12.Final.jar;C:\Users\user\.m2\repository\org\jboss\logging\jboss-logging\3.3.1.Final\jboss-logging-3.3.1.Final.jar;C:\Users\user\.m2\repository\com\fasterxml\jackson\datatype\jackson-datatype-jsr310\2.8.10\jackson-datatype-jsr310-2.8.10.jar;C:\Users\user\.m2\repository\com\fasterxml\jackson\core\jackson-annotations\2.8.0\jackson-annotations-2.8.0.jar;C:\Users\user\.m2\repository\com\fasterxml\jackson\core\jackson-core\2.8.10\jackson-core-2.8.10.jar;C:\Users\user\.m2\repository\org\apache\tomcat\embed\tomcat-embed-core\8.5.20\tomcat-embed-core-8.5.20.jar;, java.specification.name=Java Platform API Specification, java.class.version=52.0, sun.management.compiler=HotSpot 64-Bit Tiered Compilers, os.version=6.1, user.home=C:\Users\user, user.timezone=America/Sao_Paulo, java.awt.printerjob=sun.awt.windows.WPrinterJob, file.encoding=UTF-8, java.specification.version=1.8, java.class.path=C:\Dev\training\algaworks\Rest\springBootIntro\SpringBootIntro\target\test-classes;C:\Dev\training\algaworks\Rest\springBootIntro\SpringBootIntro\target\classes;C:\Users\user\.m2\repository\org\springframework\boot\spring-boot-starter-data-jpa\1.5.7.RELEASE\spring-boot-starter-data-jpa-1.5.7.RELEASE.jar;C:\Users\user\.m2\repository\org\springframework\boot\spring-boot-starter-aop\1.5.7.RELEASE\spring-boot-starter-aop-1.5.7.RELEASE.jar;C:\Users\user\.m2\repository\org\springframework\spring-aop\4.3.11.RELEASE\spring-aop-4.3.11.RELEASE.jar;C:\Users\user\.m2\repository\org\aspectj\aspectjweaver\1.8.10\aspectjweaver-1.8.10.jar;C:\Users\user\.m2\repository\org\springframework\boot\spring-boot-starter-jdbc\1.5.7.RELEASE\spring-boot-starter-jdbc-1.5.7.RELEASE.jar;C:\Users\user\.m2\repository\org\apache\tomcat\tomcat-jdbc\8.5.20\tomcat-jdbc-8.5.20.jar;C:\Users\user\.m2\repository\org\apache\tomcat\tomcat-juli\8.5.20\tomcat-juli-8.5.20.jar;C:\Users\user\.m2\repository\org\springframework\spring-jdbc\4.3.11.RELEASE\spring-jdbc-4.3.11.RELEASE.jar;C:\Users\user\.m2\repository\org\hibernate\hibernate-core\5.0.12.Final\hibernate-core-5.0.12.Final.jar;C:\Users\user\.m2\repository\org\hibernate\javax\persistence\hibernate-jpa-2.1-api\1.0.0.Final\hibernate-jpa-2.1-api-1.0.0.Final.jar;C:\Users\user\.m2\repository\org\javassist\javassist\3.21.0-GA\javassist-3.21.0-GA.jar;C:\Users\user\.m2\repository\antlr\antlr\2.7.7\antlr-2.7.7.jar;C:\Users\user\.m2\repository\org\jboss\jandex\2.0.0.Final\jandex-2.0.0.Final.jar;C:\Users\user\.m2\repository\dom4j\dom4j\1.6.1\dom4j-1.6.1.jar;C:\Users\user\.m2\repository\org\hibernate\common\hibernate-commons-annotations\5.0.1.Final\hibernate-commons-annotations-5.0.1.Final.jar;C:\Users\user\.m2\repository\org\hibernate\hibernate-entitymanager\5.0.12.Final\hibernate-entitymanager-5.0.12.Final.jar;C:\Users\user\.m2\repository\javax\transaction\javax.transaction-api\1.2\javax.transaction-api-1.2.jar;C:\Users\user\.m2\repository\org\springframework\data\spring-data-jpa\1.11.7.RELEASE\spring-data-jpa-1.11.7.RELEASE.jar;C:\Users\user\.m2\repository\org\springframework\data\spring-data-commons\1.13.7.RELEASE\spring-data-commons-1.13.7.RELEASE.jar;C:\Users\user\.m2\repository\org\springframework\spring-orm\4.3.11.RELEASE\spring-orm-4.3.11.RELEASE.jar;C:\Users\user\.m2\repository\org\springframework\spring-context\4.3.11.RELEASE\spring-context-4.3.11.RELEASE.jar;C:\Users\user\.m2\repository\org\springframework\spring-tx\4.3.11.RELEASE\spring-tx-4.3.11.RELEASE.jar;C:\Users\user\.m2\repository\org\springframework\spring-beans\4.3.11.RELEASE\spring-beans-4.3.11.RELEASE.jar;C:\Users\user\.m2\repository\org\slf4j\slf4j-api\1.7.25\slf4j-api-1.7.25.jar;C:\Users\user\.m2\repository\org\slf4j\jcl-over-slf4j\1.7.25\jcl-over-slf4j-1.7.25.jar;C:\Users\user\.m2\repository\org\springframework\spring-aspects\4.3.11.RELEASE\spring-aspects-4.3.11.RELEASE.jar;C:\Users\user\.m2\repository\org\springframework\boot\spring-boot-starter-web\1.5.7.RELEASE\spring-boot-starter-web-1.5.7.RELEASE.jar;C:\Users\user\.m2\repository\org\springframework\boot\spring-boot-starter-tomcat\1.5.7.RELEASE\spring-boot-starter-tomcat-1.5.7.RELEASE.jar;C:\Users\user\.m2\repository\org\apache\tomcat\embed\tomcat-embed-el\8.5.20\tomcat-embed-el-8.5.20.jar;C:\Users\user\.m2\repository\org\apache\tomcat\embed\tomcat-embed-websocket\8.5.20\tomcat-embed-websocket-8.5.20.jar;C:\Users\user\.m2\repository\org\hibernate\hibernate-validator\5.3.5.Final\hibernate-validator-5.3.5.Final.jar;C:\Users\user\.m2\repository\javax\validation\validation-api\1.1.0.Final\validation-api-1.1.0.Final.jar;C:\Users\user\.m2\repository\com\fasterxml\classmate\1.3.4\classmate-1.3.4.jar;C:\Users\user\.m2\repository\com\fasterxml\jackson\core\jackson-databind\2.8.10\jackson-databind-2.8.10.jar;C:\Users\user\.m2\repository\org\springframework\spring-web\4.3.11.RELEASE\spring-web-4.3.11.RELEASE.jar;C:\Users\user\.m2\repository\org\springframework\spring-webmvc\4.3.11.RELEASE\spring-webmvc-4.3.11.RELEASE.jar;C:\Users\user\.m2\repository\org\springframework\spring-expression\4.3.11.RELEASE\spring-expression-4.3.11.RELEASE.jar;C:\Users\user\.m2\repository\org\springframework\boot\spring-boot-devtools\1.5.7.RELEASE\spring-boot-devtools-1.5.7.RELEASE.jar;C:\Users\user\.m2\repository\org\springframework\boot\spring-boot\1.5.7.RELEASE\spring-boot-1.5.7.RELEASE.jar;C:\Users\user\.m2\repository\org\springframework\boot\spring-boot-autoconfigure\1.5.7.RELEASE\spring-boot-autoconfigure-1.5.7.RELEASE.jar;C:\Users\user\.m2\repository\org\springframework\boot\spring-boot-starter\1.5.7.RELEASE\spring-boot-starter-1.5.7.RELEASE.jar;C:\Users\user\.m2\repository\org\springframework\boot\spring-boot-starter-logging\1.5.7.RELEASE\spring-boot-starter-logging-1.5.7.RELEASE.jar;C:\Users\user\.m2\repository\ch\qos\logback\logback-classic\1.1.11\logback-classic-1.1.11.jar;C:\Users\user\.m2\repository\ch\qos\logback\logback-core\1.1.11\logback-core-1.1.11.jar;C:\Users\user\.m2\repository\org\slf4j\jul-to-slf4j\1.7.25\jul-to-slf4j-1.7.25.jar;C:\Users\user\.m2\repository\org\slf4j\log4j-over-slf4j\1.7.25\log4j-over-slf4j-1.7.25.jar;C:\Users\user\.m2\repository\org\springframework\spring-core\4.3.11.RELEASE\spring-core-4.3.11.RELEASE.jar;C:\Users\user\.m2\repository\org\yaml\snakeyaml\1.17\snakeyaml-1.17.jar;C:\Users\user\.m2\repository\org\springframework\boot\spring-boot-configuration-processor\1.5.7.RELEASE\spring-boot-configuration-processor-1.5.7.RELEASE.jar;C:\Users\user\.m2\repository\com\vaadin\external\google\android-json\0.0.20131108.vaadin1\android-json-0.0.20131108.vaadin1.jar;C:\Users\user\.m2\repository\org\springframework\boot\spring-boot-starter-test\1.5.7.RELEASE\spring-boot-starter-test-1.5.7.RELEASE.jar;C:\Users\user\.m2\repository\org\springframework\boot\spring-boot-test\1.5.7.RELEASE\spring-boot-test-1.5.7.RELEASE.jar;C:\Users\user\.m2\repository\org\springframework\boot\spring-boot-test-autoconfigure\1.5.7.RELEASE\spring-boot-test-autoconfigure-1.5.7.RELEASE.jar;C:\Users\user\.m2\repository\com\jayway\jsonpath\json-path\2.2.0\json-path-2.2.0.jar;C:\Users\user\.m2\repository\net\minidev\json-smart\2.2.1\json-smart-2.2.1.jar;C:\Users\user\.m2\repository\net\minidev\accessors-smart\1.1\accessors-smart-1.1.jar;C:\Users\user\.m2\repository\org\ow2\asm\asm\5.0.3\asm-5.0.3.jar;C:\Users\user\.m2\repository\junit\junit\4.12\junit-4.12.jar;C:\Users\user\.m2\repository\org\assertj\assertj-core\2.6.0\assertj-core-2.6.0.jar;C:\Users\user\.m2\repository\org\mockito\mockito-core\1.10.19\mockito-core-1.10.19.jar;C:\Users\user\.m2\repository\org\objenesis\objenesis\2.1\objenesis-2.1.jar;C:\Users\user\.m2\repository\org\hamcrest\hamcrest-core\1.3\hamcrest-core-1.3.jar;C:\Users\user\.m2\repository\org\hamcrest\hamcrest-library\1.3\hamcrest-library-1.3.jar;C:\Users\user\.m2\repository\org\skyscreamer\jsonassert\1.4.0\jsonassert-1.4.0.jar;C:\Users\user\.m2\repository\org\springframework\spring-test\4.3.11.RELEASE\spring-test-4.3.11.RELEASE.jar;C:\Users\user\.m2\repository\mysql\mysql-connector-java\5.1.44\mysql-connector-java-5.1.44.jar;C:\Users\user\.m2\repository\org\flywaydb\flyway-core\3.2.1\flyway-core-3.2.1.jar;C:\Users\user\.m2\repository\org\hibernate\hibernate-java8\5.0.12.Final\hibernate-java8-5.0.12.Final.jar;C:\Users\user\.m2\repository\org\jboss\logging\jboss-logging\3.3.1.Final\jboss-logging-3.3.1.Final.jar;C:\Users\user\.m2\repository\com\fasterxml\jackson\datatype\jackson-datatype-jsr310\2.8.10\jackson-datatype-jsr310-2.8.10.jar;C:\Users\user\.m2\repository\com\fasterxml\jackson\core\jackson-annotations\2.8.0\jackson-annotations-2.8.0.jar;C:\Users\user\.m2\repository\com\fasterxml\jackson\core\jackson-core\2.8.10\jackson-core-2.8.10.jar;C:\Users\user\.m2\repository\org\apache\tomcat\embed\tomcat-embed-core\8.5.20\tomcat-embed-core-8.5.20.jar;, user.name=user, java.vm.specification.version=1.8, sun.java.command=C:\Dev\training\algaworks\Rest\springBootIntro\SpringBootIntro\target\surefire\surefirebooter2165287880627686109.jar C:\Dev\training\algaworks\Rest\springBootIntro\SpringBootIntro\target\surefire\surefire8940296954909786340tmp C:\Dev\training\algaworks\Rest\springBootIntro\SpringBootIntro\target\surefire\surefire_03144361083882064457tmp, java.home=C:\Program Files\Java\jdk1.8.0_162\jre, sun.arch.data.model=64, user.language=pt, java.specification.vendor=Oracle Corporation, awt.toolkit=sun.awt.windows.WToolkit, java.vm.info=mixed mode, java.version=1.8.0_162, java.ext.dirs=C:\Program Files\Java\jdk1.8.0_162\jre\lib\ext;C:\Windows\Sun\Java\lib\ext, sun.boot.class.path=C:\Program Files\Java\jdk1.8.0_162\jre\lib\resources.jar;C:\Program Files\Java\jdk1.8.0_162\jre\lib\rt.jar;C:\Program Files\Java\jdk1.8.0_162\jre\lib\sunrsasign.jar;C:\Program Files\Java\jdk1.8.0_162\jre\lib\jsse.jar;C:\Program Files\Java\jdk1.8.0_162\jre\lib\jce.jar;C:\Program Files\Java\jdk1.8.0_162\jre\lib\charsets.jar;C:\Program Files\Java\jdk1.8.0_162\jre\lib\jfr.jar;C:\Program Files\Java\jdk1.8.0_162\jre\classes, java.vendor=Oracle Corporation, localRepository=C:\Users\user\.m2\repository, file.separator=\, java.vendor.url.bug=http://bugreport.sun.com/bugreport/, sun.io.unicode.encoding=UnicodeLittle, sun.cpu.endian=little, sun.desktop=windows, sun.cpu.isalist=amd64}}, SystemEnvironmentPropertySource@1117509763 {name='systemEnvironment', properties={PATH=C:\Program Files (x86)\Python36-32\Scripts\;C:\Program Files (x86)\Python36-32\;C:\Python27\;C:\Python27\Scripts;C:\Program Files (x86)\Common Files\Oracle\Java\javapath;C:\ProgramData\Oracle\Java\javapath;C:\Windows\system32;C:\Windows;C:\Windows\System32\Wbem;C:\Windows\System32\WindowsPowerShell\v1.0\;C:\Program Files (x86)\Intel\OpenCL SDK\2.0\bin\x86;C:\Program Files (x86)\Intel\OpenCL SDK\2.0\bin\x64;C:\Program Files\MATLAB\R2017a\runtime\win64;C:\Program Files\MATLAB\R2017a\bin;C:\Program Files\WIDCOMM\Bluetooth Software\;C:\Program Files\WIDCOMM\Bluetooth Software\syswow64;;C:\Program Files (x86)\Intel\OpenCL SDK\2.0\bin\x86;C:\Program Files (x86)\Intel\OpenCL SDK\2.0\bin\x64;C:\Program Files (x86)\MySQL\MySQL Utilities 1.6\, PROCESSOR_LEVEL=6, SYSTEMDRIVE=C:, FP_NO_HOST_CHECK=NO, SESSIONNAME=Console, ALLUSERSPROFILE=C:\ProgramData, PROCESSOR_ARCHITECTURE=AMD64, NB_EXEC_MAVEN_PROCESS_UUID=d90c5501-477c-450f-a7ae-541d695347ea, PROGRAMFILES=C:\Program Files, MOZ_PLUGIN_PATH=C:\Program Files (x86)\Foxit Software\Foxit Reader\plugins\, PSMODULEPATH=C:\Windows\system32\WindowsPowerShell\v1.0\Modules\, PROGRAMDATA=C:\ProgramData, USERNAME=user, ONEDRIVE=C:\Users\user\OneDrive, PATHEXT=.COM;.EXE;.BAT;.CMD;.VBS;.VBE;.JS;.JSE;.WSF;.WSH;.MSC;.PY;.PYW, CLASSWORLDS_JAR="C:\Program Files\NetBeans 8.2\java\maven\boot\plexus-classworlds-2.4.jar", WINDIR=C:\Windows, HOMEPATH=\Users\user, PROCESSOR_IDENTIFIER=Intel64 Family 6 Model 42 Stepping 7, GenuineIntel, M2_HOME=C:\Program Files\NetBeans 8.2\java\maven, MAVEN_JAVA_EXE="C:\Program Files\Java\jdk1.8.0_162\bin\java.exe", PUBLIC=C:\Users\Public, =::=::\, LOCALAPPDATA=C:\Users\user\AppData\Local, COMMONPROGRAMFILES(X86)=C:\Program Files (x86)\Common Files, USERDOMAIN=notebook, LOGONSERVER=\\NOTEBOOK, JAVA_HOME=C:\Program Files\Java\jdk1.8.0_162, PROMPT=$P$G, PROGRAMFILES(X86)=C:\Program Files (x86), ERROR_CODE=0, =C:=C:\Dev\training\algaworks\Rest\springBootIntro\SpringBootIntro, APPDATA=C:\Users\user\AppData\Roaming, PROGRAMW6432=C:\Program Files, SYSTEMROOT=C:\Windows, MAVEN_CMD_LINE_ARGS=-Dmaven.ext.class.path="C:\Program Files\NetBeans 8.2\java\maven-nblib\netbeans-eventspy.jar" -Dfile.encoding=UTF-8 clean install, OS=Windows_NT, COMMONPROGRAMW6432=C:\Program Files\Common Files, COMPUTERNAME=NOTEBOOK, COMMONPROGRAMFILES=C:\Program Files\Common Files, COMSPEC=C:\Windows\system32\cmd.exe, PROCESSOR_REVISION=2a07, CLASSWORLDS_LAUNCHER=org.codehaus.plexus.classworlds.launcher.Launcher, TEMP=C:\Users\user\AppData\Local\Temp, HOMEDRIVE=C:, USERPROFILE=C:\Users\user, TMP=C:\Users\user\AppData\Local\Temp, NUMBER_OF_PROCESSORS=4, HOME=C:\Users\user}}]
15:59:15.942 [main] INFO org.springframework.boot.test.context.SpringBootTestContextBootstrapper - Found @SpringBootConfiguration com.example.BasicApplication for test class com.example.BasicApplicationTests
15:59:15.942 [main] DEBUG org.springframework.boot.test.context.SpringBootTestContextBootstrapper - @TestExecutionListeners is not present for class [com.example.BasicApplicationTests]: using defaults.
15:59:15.958 [main] INFO org.springframework.boot.test.context.SpringBootTestContextBootstrapper - Loaded default TestExecutionListener class names from location [META-INF/spring.factories]: [org.springframework.boot.test.mock.mockito.MockitoTestExecutionListener, org.springframework.boot.test.mock.mockito.ResetMocksTestExecutionListener, org.springframework.boot.test.autoconfigure.restdocs.RestDocsTestExecutionListener, org.springframework.boot.test.autoconfigure.web.client.MockRestServiceServerResetTestExecutionListener, org.springframework.boot.test.autoconfigure.web.servlet.MockMvcPrintOnlyOnFailureTestExecutionListener, org.springframework.boot.test.autoconfigure.web.servlet.WebDriverTestExecutionListener, org.springframework.test.context.web.ServletTestExecutionListener, org.springframework.test.context.support.DirtiesContextBeforeModesTestExecutionListener, org.springframework.test.context.support.DependencyInjectionTestExecutionListener, org.springframework.test.context.support.DirtiesContextTestExecutionListener, org.springframework.test.context.transaction.TransactionalTestExecutionListener, org.springframework.test.context.jdbc.SqlScriptsTestExecutionListener]
15:59:15.973 [main] INFO org.springframework.boot.test.context.SpringBootTestContextBootstrapper - Using TestExecutionListeners: [org.springframework.test.context.web.ServletTestExecutionListener@6ee12bac, org.springframework.test.context.support.DirtiesContextBeforeModesTestExecutionListener@55040f2f, org.springframework.boot.test.autoconfigure.SpringBootDependencyInjectionTestExecutionListener@64c87930, org.springframework.test.context.support.DirtiesContextTestExecutionListener@400cff1a, org.springframework.test.context.transaction.TransactionalTestExecutionListener@275710fc, org.springframework.test.context.jdbc.SqlScriptsTestExecutionListener@525f1e4e, org.springframework.boot.test.mock.mockito.MockitoTestExecutionListener@75f9eccc, org.springframework.boot.test.autoconfigure.web.client.MockRestServiceServerResetTestExecutionListener@52aa2946, org.springframework.boot.test.mock.mockito.ResetMocksTestExecutionListener@4de5031f, org.springframework.boot.test.autoconfigure.web.servlet.WebDriverTestExecutionListener@67e2d983, org.springframework.boot.test.autoconfigure.restdocs.RestDocsTestExecutionListener@5d47c63f, org.springframework.boot.test.autoconfigure.web.servlet.MockMvcPrintOnlyOnFailureTestExecutionListener@5ea434c8]
15:59:15.973 [main] DEBUG org.springframework.test.annotation.ProfileValueUtils - Retrieved @ProfileValueSourceConfiguration [null] for test class [com.example.BasicApplicationTests]
15:59:15.973 [main] DEBUG org.springframework.test.annotation.ProfileValueUtils - Retrieved ProfileValueSource type [class org.springframework.test.annotation.SystemProfileValueSource] for class [com.example.BasicApplicationTests]
15:59:15.989 [main] DEBUG org.springframework.test.annotation.ProfileValueUtils - Retrieved @ProfileValueSourceConfiguration [null] for test class [com.example.BasicApplicationTests]
15:59:15.989 [main] DEBUG org.springframework.test.annotation.ProfileValueUtils - Retrieved ProfileValueSource type [class org.springframework.test.annotation.SystemProfileValueSource] for class [com.example.BasicApplicationTests]
15:59:16.020 [main] DEBUG org.springframework.test.context.support.AbstractDirtiesContextTestExecutionListener - Before test class: context [DefaultTestContext@482cd91f testClass = BasicApplicationTests, testInstance = [null], testMethod = [null], testException = [null], mergedContextConfiguration = [WebMergedContextConfiguration@123f1134 testClass = BasicApplicationTests, locations = '{}', classes = '{class com.example.BasicApplication}', contextInitializerClasses = '[]', activeProfiles = '{}', propertySourceLocations = '{}', propertySourceProperties = '{org.springframework.boot.test.context.SpringBootTestContextBootstrapper=true}', contextCustomizers = set[org.springframework.boot.test.context.SpringBootTestContextCustomizer@67b92f0a, org.springframework.boot.test.context.filter.ExcludeFilterContextCustomizer@4f970963, org.springframework.boot.test.json.DuplicateJsonObjectContextCustomizerFactory$DuplicateJsonObjectContextCustomizer@887af79, org.springframework.boot.test.mock.mockito.MockitoContextCustomizer@0, org.springframework.boot.test.autoconfigure.properties.PropertyMappingContextCustomizer@0, org.springframework.boot.test.autoconfigure.web.servlet.WebDriverContextCustomizerFactory$Customizer@4bbfb90a], resourceBasePath = 'src/main/webapp', contextLoader = 'org.springframework.boot.test.context.SpringBootContextLoader', parent = [null]]], class annotated with @DirtiesContext [false] with mode [null].
15:59:16.020 [main] DEBUG org.springframework.test.annotation.ProfileValueUtils - Retrieved @ProfileValueSourceConfiguration [null] for test class [com.example.BasicApplicationTests]
15:59:16.020 [main] DEBUG org.springframework.test.annotation.ProfileValueUtils - Retrieved ProfileValueSource type [class org.springframework.test.annotation.SystemProfileValueSource] for class [com.example.BasicApplicationTests]
15:59:16.207 [main] DEBUG org.springframework.core.env.StandardEnvironment - Adding PropertySource 'systemProperties' with lowest search precedence
15:59:16.207 [main] DEBUG org.springframework.core.env.StandardEnvironment - Adding PropertySource 'systemEnvironment' with lowest search precedence
15:59:16.207 [main] DEBUG org.springframework.core.env.StandardEnvironment - Initialized StandardEnvironment with PropertySources [MapPropertySource@836220863 {name='systemProperties', properties={java.runtime.name=Java(TM) SE Runtime Environment, sun.boot.library.path=C:\Program Files\Java\jdk1.8.0_162\jre\bin, java.vm.version=25.162-b12, java.vm.vendor=Oracle Corporation, java.vendor.url=http://java.oracle.com/, path.separator=;, java.vm.name=Java HotSpot(TM) 64-Bit Server VM, file.encoding.pkg=sun.io, user.country=BR, user.script=, sun.java.launcher=SUN_STANDARD, sun.os.patch.level=Service Pack 1, java.vm.specification.name=Java Virtual Machine Specification, user.dir=C:\Dev\training\algaworks\Rest\springBootIntro\SpringBootIntro, java.runtime.version=1.8.0_162-b12, basedir=C:\Dev\training\algaworks\Rest\springBootIntro\SpringBootIntro, java.awt.graphicsenv=sun.awt.Win32GraphicsEnvironment, java.endorsed.dirs=C:\Program Files\Java\jdk1.8.0_162\jre\lib\endorsed, os.arch=amd64, surefire.real.class.path=C:\Dev\training\algaworks\Rest\springBootIntro\SpringBootIntro\target\surefire\surefirebooter2165287880627686109.jar, java.io.tmpdir=C:\Users\user\AppData\Local\Temp\, line.separator=
, java.vm.specification.vendor=Oracle Corporation, user.variant=, os.name=Windows 7, maven.ext.class.path=C:\Program Files\NetBeans 8.2\java\maven-nblib\netbeans-eventspy.jar, sun.jnu.encoding=Cp1252, java.library.path=C:\Program Files\Java\jdk1.8.0_162\jre\bin;C:\Windows\Sun\Java\bin;C:\Windows\system32;C:\Windows;C:\Program Files (x86)\Python36-32\Scripts\;C:\Program Files (x86)\Python36-32\;C:\Python27\;C:\Python27\Scripts;C:\Program Files (x86)\Common Files\Oracle\Java\javapath;C:\ProgramData\Oracle\Java\javapath;C:\Windows\system32;C:\Windows;C:\Windows\System32\Wbem;C:\Windows\System32\WindowsPowerShell\v1.0\;C:\Program Files (x86)\Intel\OpenCL SDK\2.0\bin\x86;C:\Program Files (x86)\Intel\OpenCL SDK\2.0\bin\x64;C:\Program Files\MATLAB\R2017a\runtime\win64;C:\Program Files\MATLAB\R2017a\bin;C:\Program Files\WIDCOMM\Bluetooth Software\;C:\Program Files\WIDCOMM\Bluetooth Software\syswow64;;C:\Program Files (x86)\Intel\OpenCL SDK\2.0\bin\x86;C:\Program Files (x86)\Intel\OpenCL SDK\2.0\bin\x64;C:\Program Files (x86)\MySQL\MySQL Utilities 1.6\;., surefire.test.class.path=C:\Dev\training\algaworks\Rest\springBootIntro\SpringBootIntro\target\test-classes;C:\Dev\training\algaworks\Rest\springBootIntro\SpringBootIntro\target\classes;C:\Users\user\.m2\repository\org\springframework\boot\spring-boot-starter-data-jpa\1.5.7.RELEASE\spring-boot-starter-data-jpa-1.5.7.RELEASE.jar;C:\Users\user\.m2\repository\org\springframework\boot\spring-boot-starter-aop\1.5.7.RELEASE\spring-boot-starter-aop-1.5.7.RELEASE.jar;C:\Users\user\.m2\repository\org\springframework\spring-aop\4.3.11.RELEASE\spring-aop-4.3.11.RELEASE.jar;C:\Users\user\.m2\repository\org\aspectj\aspectjweaver\1.8.10\aspectjweaver-1.8.10.jar;C:\Users\user\.m2\repository\org\springframework\boot\spring-boot-starter-jdbc\1.5.7.RELEASE\spring-boot-starter-jdbc-1.5.7.RELEASE.jar;C:\Users\user\.m2\repository\org\apache\tomcat\tomcat-jdbc\8.5.20\tomcat-jdbc-8.5.20.jar;C:\Users\user\.m2\repository\org\apache\tomcat\tomcat-juli\8.5.20\tomcat-juli-8.5.20.jar;C:\Users\user\.m2\repository\org\springframework\spring-jdbc\4.3.11.RELEASE\spring-jdbc-4.3.11.RELEASE.jar;C:\Users\user\.m2\repository\org\hibernate\hibernate-core\5.0.12.Final\hibernate-core-5.0.12.Final.jar;C:\Users\user\.m2\repository\org\hibernate\javax\persistence\hibernate-jpa-2.1-api\1.0.0.Final\hibernate-jpa-2.1-api-1.0.0.Final.jar;C:\Users\user\.m2\repository\org\javassist\javassist\3.21.0-GA\javassist-3.21.0-GA.jar;C:\Users\user\.m2\repository\antlr\antlr\2.7.7\antlr-2.7.7.jar;C:\Users\user\.m2\repository\org\jboss\jandex\2.0.0.Final\jandex-2.0.0.Final.jar;C:\Users\user\.m2\repository\dom4j\dom4j\1.6.1\dom4j-1.6.1.jar;C:\Users\user\.m2\repository\org\hibernate\common\hibernate-commons-annotations\5.0.1.Final\hibernate-commons-annotations-5.0.1.Final.jar;C:\Users\user\.m2\repository\org\hibernate\hibernate-entitymanager\5.0.12.Final\hibernate-entitymanager-5.0.12.Final.jar;C:\Users\user\.m2\repository\javax\transaction\javax.transaction-api\1.2\javax.transaction-api-1.2.jar;C:\Users\user\.m2\repository\org\springframework\data\spring-data-jpa\1.11.7.RELEASE\spring-data-jpa-1.11.7.RELEASE.jar;C:\Users\user\.m2\repository\org\springframework\data\spring-data-commons\1.13.7.RELEASE\spring-data-commons-1.13.7.RELEASE.jar;C:\Users\user\.m2\repository\org\springframework\spring-orm\4.3.11.RELEASE\spring-orm-4.3.11.RELEASE.jar;C:\Users\user\.m2\repository\org\springframework\spring-context\4.3.11.RELEASE\spring-context-4.3.11.RELEASE.jar;C:\Users\user\.m2\repository\org\springframework\spring-tx\4.3.11.RELEASE\spring-tx-4.3.11.RELEASE.jar;C:\Users\user\.m2\repository\org\springframework\spring-beans\4.3.11.RELEASE\spring-beans-4.3.11.RELEASE.jar;C:\Users\user\.m2\repository\org\slf4j\slf4j-api\1.7.25\slf4j-api-1.7.25.jar;C:\Users\user\.m2\repository\org\slf4j\jcl-over-slf4j\1.7.25\jcl-over-slf4j-1.7.25.jar;C:\Users\user\.m2\repository\org\springframework\spring-aspects\4.3.11.RELEASE\spring-aspects-4.3.11.RELEASE.jar;C:\Users\user\.m2\repository\org\springframework\boot\spring-boot-starter-web\1.5.7.RELEASE\spring-boot-starter-web-1.5.7.RELEASE.jar;C:\Users\user\.m2\repository\org\springframework\boot\spring-boot-starter-tomcat\1.5.7.RELEASE\spring-boot-starter-tomcat-1.5.7.RELEASE.jar;C:\Users\user\.m2\repository\org\apache\tomcat\embed\tomcat-embed-el\8.5.20\tomcat-embed-el-8.5.20.jar;C:\Users\user\.m2\repository\org\apache\tomcat\embed\tomcat-embed-websocket\8.5.20\tomcat-embed-websocket-8.5.20.jar;C:\Users\user\.m2\repository\org\hibernate\hibernate-validator\5.3.5.Final\hibernate-validator-5.3.5.Final.jar;C:\Users\user\.m2\repository\javax\validation\validation-api\1.1.0.Final\validation-api-1.1.0.Final.jar;C:\Users\user\.m2\repository\com\fasterxml\classmate\1.3.4\classmate-1.3.4.jar;C:\Users\user\.m2\repository\com\fasterxml\jackson\core\jackson-databind\2.8.10\jackson-databind-2.8.10.jar;C:\Users\user\.m2\repository\org\springframework\spring-web\4.3.11.RELEASE\spring-web-4.3.11.RELEASE.jar;C:\Users\user\.m2\repository\org\springframework\spring-webmvc\4.3.11.RELEASE\spring-webmvc-4.3.11.RELEASE.jar;C:\Users\user\.m2\repository\org\springframework\spring-expression\4.3.11.RELEASE\spring-expression-4.3.11.RELEASE.jar;C:\Users\user\.m2\repository\org\springframework\boot\spring-boot-devtools\1.5.7.RELEASE\spring-boot-devtools-1.5.7.RELEASE.jar;C:\Users\user\.m2\repository\org\springframework\boot\spring-boot\1.5.7.RELEASE\spring-boot-1.5.7.RELEASE.jar;C:\Users\user\.m2\repository\org\springframework\boot\spring-boot-autoconfigure\1.5.7.RELEASE\spring-boot-autoconfigure-1.5.7.RELEASE.jar;C:\Users\user\.m2\repository\org\springframework\boot\spring-boot-starter\1.5.7.RELEASE\spring-boot-starter-1.5.7.RELEASE.jar;C:\Users\user\.m2\repository\org\springframework\boot\spring-boot-starter-logging\1.5.7.RELEASE\spring-boot-starter-logging-1.5.7.RELEASE.jar;C:\Users\user\.m2\repository\ch\qos\logback\logback-classic\1.1.11\logback-classic-1.1.11.jar;C:\Users\user\.m2\repository\ch\qos\logback\logback-core\1.1.11\logback-core-1.1.11.jar;C:\Users\user\.m2\repository\org\slf4j\jul-to-slf4j\1.7.25\jul-to-slf4j-1.7.25.jar;C:\Users\user\.m2\repository\org\slf4j\log4j-over-slf4j\1.7.25\log4j-over-slf4j-1.7.25.jar;C:\Users\user\.m2\repository\org\springframework\spring-core\4.3.11.RELEASE\spring-core-4.3.11.RELEASE.jar;C:\Users\user\.m2\repository\org\yaml\snakeyaml\1.17\snakeyaml-1.17.jar;C:\Users\user\.m2\repository\org\springframework\boot\spring-boot-configuration-processor\1.5.7.RELEASE\spring-boot-configuration-processor-1.5.7.RELEASE.jar;C:\Users\user\.m2\repository\com\vaadin\external\google\android-json\0.0.20131108.vaadin1\android-json-0.0.20131108.vaadin1.jar;C:\Users\user\.m2\repository\org\springframework\boot\spring-boot-starter-test\1.5.7.RELEASE\spring-boot-starter-test-1.5.7.RELEASE.jar;C:\Users\user\.m2\repository\org\springframework\boot\spring-boot-test\1.5.7.RELEASE\spring-boot-test-1.5.7.RELEASE.jar;C:\Users\user\.m2\repository\org\springframework\boot\spring-boot-test-autoconfigure\1.5.7.RELEASE\spring-boot-test-autoconfigure-1.5.7.RELEASE.jar;C:\Users\user\.m2\repository\com\jayway\jsonpath\json-path\2.2.0\json-path-2.2.0.jar;C:\Users\user\.m2\repository\net\minidev\json-smart\2.2.1\json-smart-2.2.1.jar;C:\Users\user\.m2\repository\net\minidev\accessors-smart\1.1\accessors-smart-1.1.jar;C:\Users\user\.m2\repository\org\ow2\asm\asm\5.0.3\asm-5.0.3.jar;C:\Users\user\.m2\repository\junit\junit\4.12\junit-4.12.jar;C:\Users\user\.m2\repository\org\assertj\assertj-core\2.6.0\assertj-core-2.6.0.jar;C:\Users\user\.m2\repository\org\mockito\mockito-core\1.10.19\mockito-core-1.10.19.jar;C:\Users\user\.m2\repository\org\objenesis\objenesis\2.1\objenesis-2.1.jar;C:\Users\user\.m2\repository\org\hamcrest\hamcrest-core\1.3\hamcrest-core-1.3.jar;C:\Users\user\.m2\repository\org\hamcrest\hamcrest-library\1.3\hamcrest-library-1.3.jar;C:\Users\user\.m2\repository\org\skyscreamer\jsonassert\1.4.0\jsonassert-1.4.0.jar;C:\Users\user\.m2\repository\org\springframework\spring-test\4.3.11.RELEASE\spring-test-4.3.11.RELEASE.jar;C:\Users\user\.m2\repository\mysql\mysql-connector-java\5.1.44\mysql-connector-java-5.1.44.jar;C:\Users\user\.m2\repository\org\flywaydb\flyway-core\3.2.1\flyway-core-3.2.1.jar;C:\Users\user\.m2\repository\org\hibernate\hibernate-java8\5.0.12.Final\hibernate-java8-5.0.12.Final.jar;C:\Users\user\.m2\repository\org\jboss\logging\jboss-logging\3.3.1.Final\jboss-logging-3.3.1.Final.jar;C:\Users\user\.m2\repository\com\fasterxml\jackson\datatype\jackson-datatype-jsr310\2.8.10\jackson-datatype-jsr310-2.8.10.jar;C:\Users\user\.m2\repository\com\fasterxml\jackson\core\jackson-annotations\2.8.0\jackson-annotations-2.8.0.jar;C:\Users\user\.m2\repository\com\fasterxml\jackson\core\jackson-core\2.8.10\jackson-core-2.8.10.jar;C:\Users\user\.m2\repository\org\apache\tomcat\embed\tomcat-embed-core\8.5.20\tomcat-embed-core-8.5.20.jar;, java.specification.name=Java Platform API Specification, java.class.version=52.0, sun.management.compiler=HotSpot 64-Bit Tiered Compilers, os.version=6.1, user.home=C:\Users\user, user.timezone=America/Sao_Paulo, java.awt.printerjob=sun.awt.windows.WPrinterJob, file.encoding=UTF-8, java.specification.version=1.8, java.class.path=C:\Dev\training\algaworks\Rest\springBootIntro\SpringBootIntro\target\test-classes;C:\Dev\training\algaworks\Rest\springBootIntro\SpringBootIntro\target\classes;C:\Users\user\.m2\repository\org\springframework\boot\spring-boot-starter-data-jpa\1.5.7.RELEASE\spring-boot-starter-data-jpa-1.5.7.RELEASE.jar;C:\Users\user\.m2\repository\org\springframework\boot\spring-boot-starter-aop\1.5.7.RELEASE\spring-boot-starter-aop-1.5.7.RELEASE.jar;C:\Users\user\.m2\repository\org\springframework\spring-aop\4.3.11.RELEASE\spring-aop-4.3.11.RELEASE.jar;C:\Users\user\.m2\repository\org\aspectj\aspectjweaver\1.8.10\aspectjweaver-1.8.10.jar;C:\Users\user\.m2\repository\org\springframework\boot\spring-boot-starter-jdbc\1.5.7.RELEASE\spring-boot-starter-jdbc-1.5.7.RELEASE.jar;C:\Users\user\.m2\repository\org\apache\tomcat\tomcat-jdbc\8.5.20\tomcat-jdbc-8.5.20.jar;C:\Users\user\.m2\repository\org\apache\tomcat\tomcat-juli\8.5.20\tomcat-juli-8.5.20.jar;C:\Users\user\.m2\repository\org\springframework\spring-jdbc\4.3.11.RELEASE\spring-jdbc-4.3.11.RELEASE.jar;C:\Users\user\.m2\repository\org\hibernate\hibernate-core\5.0.12.Final\hibernate-core-5.0.12.Final.jar;C:\Users\user\.m2\repository\org\hibernate\javax\persistence\hibernate-jpa-2.1-api\1.0.0.Final\hibernate-jpa-2.1-api-1.0.0.Final.jar;C:\Users\user\.m2\repository\org\javassist\javassist\3.21.0-GA\javassist-3.21.0-GA.jar;C:\Users\user\.m2\repository\antlr\antlr\2.7.7\antlr-2.7.7.jar;C:\Users\user\.m2\repository\org\jboss\jandex\2.0.0.Final\jandex-2.0.0.Final.jar;C:\Users\user\.m2\repository\dom4j\dom4j\1.6.1\dom4j-1.6.1.jar;C:\Users\user\.m2\repository\org\hibernate\common\hibernate-commons-annotations\5.0.1.Final\hibernate-commons-annotations-5.0.1.Final.jar;C:\Users\user\.m2\repository\org\hibernate\hibernate-entitymanager\5.0.12.Final\hibernate-entitymanager-5.0.12.Final.jar;C:\Users\user\.m2\repository\javax\transaction\javax.transaction-api\1.2\javax.transaction-api-1.2.jar;C:\Users\user\.m2\repository\org\springframework\data\spring-data-jpa\1.11.7.RELEASE\spring-data-jpa-1.11.7.RELEASE.jar;C:\Users\user\.m2\repository\org\springframework\data\spring-data-commons\1.13.7.RELEASE\spring-data-commons-1.13.7.RELEASE.jar;C:\Users\user\.m2\repository\org\springframework\spring-orm\4.3.11.RELEASE\spring-orm-4.3.11.RELEASE.jar;C:\Users\user\.m2\repository\org\springframework\spring-context\4.3.11.RELEASE\spring-context-4.3.11.RELEASE.jar;C:\Users\user\.m2\repository\org\springframework\spring-tx\4.3.11.RELEASE\spring-tx-4.3.11.RELEASE.jar;C:\Users\user\.m2\repository\org\springframework\spring-beans\4.3.11.RELEASE\spring-beans-4.3.11.RELEASE.jar;C:\Users\user\.m2\repository\org\slf4j\slf4j-api\1.7.25\slf4j-api-1.7.25.jar;C:\Users\user\.m2\repository\org\slf4j\jcl-over-slf4j\1.7.25\jcl-over-slf4j-1.7.25.jar;C:\Users\user\.m2\repository\org\springframework\spring-aspects\4.3.11.RELEASE\spring-aspects-4.3.11.RELEASE.jar;C:\Users\user\.m2\repository\org\springframework\boot\spring-boot-starter-web\1.5.7.RELEASE\spring-boot-starter-web-1.5.7.RELEASE.jar;C:\Users\user\.m2\repository\org\springframework\boot\spring-boot-starter-tomcat\1.5.7.RELEASE\spring-boot-starter-tomcat-1.5.7.RELEASE.jar;C:\Users\user\.m2\repository\org\apache\tomcat\embed\tomcat-embed-el\8.5.20\tomcat-embed-el-8.5.20.jar;C:\Users\user\.m2\repository\org\apache\tomcat\embed\tomcat-embed-websocket\8.5.20\tomcat-embed-websocket-8.5.20.jar;C:\Users\user\.m2\repository\org\hibernate\hibernate-validator\5.3.5.Final\hibernate-validator-5.3.5.Final.jar;C:\Users\user\.m2\repository\javax\validation\validation-api\1.1.0.Final\validation-api-1.1.0.Final.jar;C:\Users\user\.m2\repository\com\fasterxml\classmate\1.3.4\classmate-1.3.4.jar;C:\Users\user\.m2\repository\com\fasterxml\jackson\core\jackson-databind\2.8.10\jackson-databind-2.8.10.jar;C:\Users\user\.m2\repository\org\springframework\spring-web\4.3.11.RELEASE\spring-web-4.3.11.RELEASE.jar;C:\Users\user\.m2\repository\org\springframework\spring-webmvc\4.3.11.RELEASE\spring-webmvc-4.3.11.RELEASE.jar;C:\Users\user\.m2\repository\org\springframework\spring-expression\4.3.11.RELEASE\spring-expression-4.3.11.RELEASE.jar;C:\Users\user\.m2\repository\org\springframework\boot\spring-boot-devtools\1.5.7.RELEASE\spring-boot-devtools-1.5.7.RELEASE.jar;C:\Users\user\.m2\repository\org\springframework\boot\spring-boot\1.5.7.RELEASE\spring-boot-1.5.7.RELEASE.jar;C:\Users\user\.m2\repository\org\springframework\boot\spring-boot-autoconfigure\1.5.7.RELEASE\spring-boot-autoconfigure-1.5.7.RELEASE.jar;C:\Users\user\.m2\repository\org\springframework\boot\spring-boot-starter\1.5.7.RELEASE\spring-boot-starter-1.5.7.RELEASE.jar;C:\Users\user\.m2\repository\org\springframework\boot\spring-boot-starter-logging\1.5.7.RELEASE\spring-boot-starter-logging-1.5.7.RELEASE.jar;C:\Users\user\.m2\repository\ch\qos\logback\logback-classic\1.1.11\logback-classic-1.1.11.jar;C:\Users\user\.m2\repository\ch\qos\logback\logback-core\1.1.11\logback-core-1.1.11.jar;C:\Users\user\.m2\repository\org\slf4j\jul-to-slf4j\1.7.25\jul-to-slf4j-1.7.25.jar;C:\Users\user\.m2\repository\org\slf4j\log4j-over-slf4j\1.7.25\log4j-over-slf4j-1.7.25.jar;C:\Users\user\.m2\repository\org\springframework\spring-core\4.3.11.RELEASE\spring-core-4.3.11.RELEASE.jar;C:\Users\user\.m2\repository\org\yaml\snakeyaml\1.17\snakeyaml-1.17.jar;C:\Users\user\.m2\repository\org\springframework\boot\spring-boot-configuration-processor\1.5.7.RELEASE\spring-boot-configuration-processor-1.5.7.RELEASE.jar;C:\Users\user\.m2\repository\com\vaadin\external\google\android-json\0.0.20131108.vaadin1\android-json-0.0.20131108.vaadin1.jar;C:\Users\user\.m2\repository\org\springframework\boot\spring-boot-starter-test\1.5.7.RELEASE\spring-boot-starter-test-1.5.7.RELEASE.jar;C:\Users\user\.m2\repository\org\springframework\boot\spring-boot-test\1.5.7.RELEASE\spring-boot-test-1.5.7.RELEASE.jar;C:\Users\user\.m2\repository\org\springframework\boot\spring-boot-test-autoconfigure\1.5.7.RELEASE\spring-boot-test-autoconfigure-1.5.7.RELEASE.jar;C:\Users\user\.m2\repository\com\jayway\jsonpath\json-path\2.2.0\json-path-2.2.0.jar;C:\Users\user\.m2\repository\net\minidev\json-smart\2.2.1\json-smart-2.2.1.jar;C:\Users\user\.m2\repository\net\minidev\accessors-smart\1.1\accessors-smart-1.1.jar;C:\Users\user\.m2\repository\org\ow2\asm\asm\5.0.3\asm-5.0.3.jar;C:\Users\user\.m2\repository\junit\junit\4.12\junit-4.12.jar;C:\Users\user\.m2\repository\org\assertj\assertj-core\2.6.0\assertj-core-2.6.0.jar;C:\Users\user\.m2\repository\org\mockito\mockito-core\1.10.19\mockito-core-1.10.19.jar;C:\Users\user\.m2\repository\org\objenesis\objenesis\2.1\objenesis-2.1.jar;C:\Users\user\.m2\repository\org\hamcrest\hamcrest-core\1.3\hamcrest-core-1.3.jar;C:\Users\user\.m2\repository\org\hamcrest\hamcrest-library\1.3\hamcrest-library-1.3.jar;C:\Users\user\.m2\repository\org\skyscreamer\jsonassert\1.4.0\jsonassert-1.4.0.jar;C:\Users\user\.m2\repository\org\springframework\spring-test\4.3.11.RELEASE\spring-test-4.3.11.RELEASE.jar;C:\Users\user\.m2\repository\mysql\mysql-connector-java\5.1.44\mysql-connector-java-5.1.44.jar;C:\Users\user\.m2\repository\org\flywaydb\flyway-core\3.2.1\flyway-core-3.2.1.jar;C:\Users\user\.m2\repository\org\hibernate\hibernate-java8\5.0.12.Final\hibernate-java8-5.0.12.Final.jar;C:\Users\user\.m2\repository\org\jboss\logging\jboss-logging\3.3.1.Final\jboss-logging-3.3.1.Final.jar;C:\Users\user\.m2\repository\com\fasterxml\jackson\datatype\jackson-datatype-jsr310\2.8.10\jackson-datatype-jsr310-2.8.10.jar;C:\Users\user\.m2\repository\com\fasterxml\jackson\core\jackson-annotations\2.8.0\jackson-annotations-2.8.0.jar;C:\Users\user\.m2\repository\com\fasterxml\jackson\core\jackson-core\2.8.10\jackson-core-2.8.10.jar;C:\Users\user\.m2\repository\org\apache\tomcat\embed\tomcat-embed-core\8.5.20\tomcat-embed-core-8.5.20.jar;, user.name=user, java.vm.specification.version=1.8, sun.java.command=C:\Dev\training\algaworks\Rest\springBootIntro\SpringBootIntro\target\surefire\surefirebooter2165287880627686109.jar C:\Dev\training\algaworks\Rest\springBootIntro\SpringBootIntro\target\surefire\surefire8940296954909786340tmp C:\Dev\training\algaworks\Rest\springBootIntro\SpringBootIntro\target\surefire\surefire_03144361083882064457tmp, java.home=C:\Program Files\Java\jdk1.8.0_162\jre, sun.arch.data.model=64, user.language=pt, java.specification.vendor=Oracle Corporation, awt.toolkit=sun.awt.windows.WToolkit, java.vm.info=mixed mode, java.version=1.8.0_162, java.ext.dirs=C:\Program Files\Java\jdk1.8.0_162\jre\lib\ext;C:\Windows\Sun\Java\lib\ext, sun.boot.class.path=C:\Program Files\Java\jdk1.8.0_162\jre\lib\resources.jar;C:\Program Files\Java\jdk1.8.0_162\jre\lib\rt.jar;C:\Program Files\Java\jdk1.8.0_162\jre\lib\sunrsasign.jar;C:\Program Files\Java\jdk1.8.0_162\jre\lib\jsse.jar;C:\Program Files\Java\jdk1.8.0_162\jre\lib\jce.jar;C:\Program Files\Java\jdk1.8.0_162\jre\lib\charsets.jar;C:\Program Files\Java\jdk1.8.0_162\jre\lib\jfr.jar;C:\Program Files\Java\jdk1.8.0_162\jre\classes, java.vendor=Oracle Corporation, localRepository=C:\Users\user\.m2\repository, file.separator=\, java.vendor.url.bug=http://bugreport.sun.com/bugreport/, sun.io.unicode.encoding=UnicodeLittle, sun.cpu.endian=little, sun.desktop=windows, sun.cpu.isalist=amd64}}, SystemEnvironmentPropertySource@1667148529 {name='systemEnvironment', properties={PATH=C:\Program Files (x86)\Python36-32\Scripts\;C:\Program Files (x86)\Python36-32\;C:\Python27\;C:\Python27\Scripts;C:\Program Files (x86)\Common Files\Oracle\Java\javapath;C:\ProgramData\Oracle\Java\javapath;C:\Windows\system32;C:\Windows;C:\Windows\System32\Wbem;C:\Windows\System32\WindowsPowerShell\v1.0\;C:\Program Files (x86)\Intel\OpenCL SDK\2.0\bin\x86;C:\Program Files (x86)\Intel\OpenCL SDK\2.0\bin\x64;C:\Program Files\MATLAB\R2017a\runtime\win64;C:\Program Files\MATLAB\R2017a\bin;C:\Program Files\WIDCOMM\Bluetooth Software\;C:\Program Files\WIDCOMM\Bluetooth Software\syswow64;;C:\Program Files (x86)\Intel\OpenCL SDK\2.0\bin\x86;C:\Program Files (x86)\Intel\OpenCL SDK\2.0\bin\x64;C:\Program Files (x86)\MySQL\MySQL Utilities 1.6\, PROCESSOR_LEVEL=6, SYSTEMDRIVE=C:, FP_NO_HOST_CHECK=NO, SESSIONNAME=Console, ALLUSERSPROFILE=C:\ProgramData, PROCESSOR_ARCHITECTURE=AMD64, NB_EXEC_MAVEN_PROCESS_UUID=d90c5501-477c-450f-a7ae-541d695347ea, PROGRAMFILES=C:\Program Files, MOZ_PLUGIN_PATH=C:\Program Files (x86)\Foxit Software\Foxit Reader\plugins\, PSMODULEPATH=C:\Windows\system32\WindowsPowerShell\v1.0\Modules\, PROGRAMDATA=C:\ProgramData, USERNAME=user, ONEDRIVE=C:\Users\user\OneDrive, PATHEXT=.COM;.EXE;.BAT;.CMD;.VBS;.VBE;.JS;.JSE;.WSF;.WSH;.MSC;.PY;.PYW, CLASSWORLDS_JAR="C:\Program Files\NetBeans 8.2\java\maven\boot\plexus-classworlds-2.4.jar", WINDIR=C:\Windows, HOMEPATH=\Users\user, PROCESSOR_IDENTIFIER=Intel64 Family 6 Model 42 Stepping 7, GenuineIntel, M2_HOME=C:\Program Files\NetBeans 8.2\java\maven, MAVEN_JAVA_EXE="C:\Program Files\Java\jdk1.8.0_162\bin\java.exe", PUBLIC=C:\Users\Public, =::=::\, LOCALAPPDATA=C:\Users\user\AppData\Local, COMMONPROGRAMFILES(X86)=C:\Program Files (x86)\Common Files, USERDOMAIN=notebook, LOGONSERVER=\\NOTEBOOK, JAVA_HOME=C:\Program Files\Java\jdk1.8.0_162, PROMPT=$P$G, PROGRAMFILES(X86)=C:\Program Files (x86), ERROR_CODE=0, =C:=C:\Dev\training\algaworks\Rest\springBootIntro\SpringBootIntro, APPDATA=C:\Users\user\AppData\Roaming, PROGRAMW6432=C:\Program Files, SYSTEMROOT=C:\Windows, MAVEN_CMD_LINE_ARGS=-Dmaven.ext.class.path="C:\Program Files\NetBeans 8.2\java\maven-nblib\netbeans-eventspy.jar" -Dfile.encoding=UTF-8 clean install, OS=Windows_NT, COMMONPROGRAMW6432=C:\Program Files\Common Files, COMPUTERNAME=NOTEBOOK, COMMONPROGRAMFILES=C:\Program Files\Common Files, COMSPEC=C:\Windows\system32\cmd.exe, PROCESSOR_REVISION=2a07, CLASSWORLDS_LAUNCHER=org.codehaus.plexus.classworlds.launcher.Launcher, TEMP=C:\Users\user\AppData\Local\Temp, HOMEDRIVE=C:, USERPROFILE=C:\Users\user, TMP=C:\Users\user\AppData\Local\Temp, NUMBER_OF_PROCESSORS=4, HOME=C:\Users\user}}]
15:59:16.223 [main] DEBUG org.springframework.core.env.MutablePropertySources - Adding PropertySource 'inline' with highest search precedence
15:59:16.291 [main] DEBUG org.springframework.test.context.support.TestPropertySourceUtils - Adding inlined properties to environment: {spring.jmx.enabled=false, org.springframework.boot.test.context.SpringBootTestContextBootstrapper=true, server.port=-1}
15:59:16.292 [main] DEBUG org.springframework.core.env.StandardEnvironment - Adding PropertySource 'Inlined Test Properties' with highest search precedence

  .   ____          _            __ _ _
 /\\ / ___'_ __ _ _(_)_ __  __ _ \ \ \ \
( ( )\___ | '_ | '_| | '_ \/ _` | \ \ \ \
 \\/  ___)| |_)| | | | | || (_| |  ) ) ) )
  '  |____| .__|_| |_|_| |_\__, | / / / /
 =========|_|==============|___/=/_/_/_/
 :: Spring Boot ::        (v1.5.7.RELEASE)

2018-05-05 15:59:17.388  INFO 7600 --- [           main] com.example.BasicApplicationTests        : Starting BasicApplicationTests on notebook with PID 7600 (started by user in C:\Dev\training\algaworks\Rest\springBootIntro\SpringBootIntro)
2018-05-05 15:59:17.388  INFO 7600 --- [           main] com.example.BasicApplicationTests        : No active profile set, falling back to default profiles: default
2018-05-05 15:59:17.638  INFO 7600 --- [           main] o.s.w.c.s.GenericWebApplicationContext   : Refreshing org.springframework.web.context.support.GenericWebApplicationContext@53fdffa1: startup date [Sat May 05 15:59:17 BRT 2018]; root of context hierarchy
2018-05-05 15:59:23.262  INFO 7600 --- [           main] o.f.core.internal.util.VersionPrinter    : Flyway 3.2.1 by Boxfuse
2018-05-05 15:59:24.901 ERROR 7600 --- [           main] o.a.tomcat.jdbc.pool.ConnectionPool      : Unable to create initial connections of pool.

com.mysql.jdbc.exceptions.jdbc4.CommunicationsException: Communications link failure

The last packet sent successfully to the server was 0 milliseconds ago. The driver has not received any packets from the server.
	at sun.reflect.NativeConstructorAccessorImpl.newInstance0(Native Method) ~[na:1.8.0_162]
	at sun.reflect.NativeConstructorAccessorImpl.newInstance(NativeConstructorAccessorImpl.java:62) ~[na:1.8.0_162]
	at sun.reflect.DelegatingConstructorAccessorImpl.newInstance(DelegatingConstructorAccessorImpl.java:45) ~[na:1.8.0_162]
	at java.lang.reflect.Constructor.newInstance(Constructor.java:423) ~[na:1.8.0_162]
	at com.mysql.jdbc.Util.handleNewInstance(Util.java:425) ~[mysql-connector-java-5.1.44.jar:5.1.44]
	at com.mysql.jdbc.SQLError.createCommunicationsException(SQLError.java:989) ~[mysql-connector-java-5.1.44.jar:5.1.44]
	at com.mysql.jdbc.MysqlIO.<init>(MysqlIO.java:341) ~[mysql-connector-java-5.1.44.jar:5.1.44]
	at com.mysql.jdbc.ConnectionImpl.coreConnect(ConnectionImpl.java:2189) ~[mysql-connector-java-5.1.44.jar:5.1.44]
	at com.mysql.jdbc.ConnectionImpl.connectOneTryOnly(ConnectionImpl.java:2222) ~[mysql-connector-java-5.1.44.jar:5.1.44]
	at com.mysql.jdbc.ConnectionImpl.createNewIO(ConnectionImpl.java:2017) ~[mysql-connector-java-5.1.44.jar:5.1.44]
	at com.mysql.jdbc.ConnectionImpl.<init>(ConnectionImpl.java:779) ~[mysql-connector-java-5.1.44.jar:5.1.44]
	at com.mysql.jdbc.JDBC4Connection.<init>(JDBC4Connection.java:47) ~[mysql-connector-java-5.1.44.jar:5.1.44]
	at sun.reflect.NativeConstructorAccessorImpl.newInstance0(Native Method) ~[na:1.8.0_162]
	at sun.reflect.NativeConstructorAccessorImpl.newInstance(NativeConstructorAccessorImpl.java:62) ~[na:1.8.0_162]
	at sun.reflect.DelegatingConstructorAccessorImpl.newInstance(DelegatingConstructorAccessorImpl.java:45) ~[na:1.8.0_162]
	at java.lang.reflect.Constructor.newInstance(Constructor.java:423) ~[na:1.8.0_162]
	at com.mysql.jdbc.Util.handleNewInstance(Util.java:425) ~[mysql-connector-java-5.1.44.jar:5.1.44]
	at com.mysql.jdbc.ConnectionImpl.getInstance(ConnectionImpl.java:389) ~[mysql-connector-java-5.1.44.jar:5.1.44]
	at com.mysql.jdbc.NonRegisteringDriver.connect(NonRegisteringDriver.java:330) ~[mysql-connector-java-5.1.44.jar:5.1.44]
	at org.apache.tomcat.jdbc.pool.PooledConnection.connectUsingDriver(PooledConnection.java:310) ~[tomcat-jdbc-8.5.20.jar:na]
	at org.apache.tomcat.jdbc.pool.PooledConnection.connect(PooledConnection.java:203) ~[tomcat-jdbc-8.5.20.jar:na]
	at org.apache.tomcat.jdbc.pool.ConnectionPool.createConnection(ConnectionPool.java:735) [tomcat-jdbc-8.5.20.jar:na]
	at org.apache.tomcat.jdbc.pool.ConnectionPool.borrowConnection(ConnectionPool.java:667) [tomcat-jdbc-8.5.20.jar:na]
	at org.apache.tomcat.jdbc.pool.ConnectionPool.init(ConnectionPool.java:482) [tomcat-jdbc-8.5.20.jar:na]
	at org.apache.tomcat.jdbc.pool.ConnectionPool.<init>(ConnectionPool.java:154) [tomcat-jdbc-8.5.20.jar:na]
	at org.apache.tomcat.jdbc.pool.DataSourceProxy.pCreatePool(DataSourceProxy.java:118) [tomcat-jdbc-8.5.20.jar:na]
	at org.apache.tomcat.jdbc.pool.DataSourceProxy.createPool(DataSourceProxy.java:107) [tomcat-jdbc-8.5.20.jar:na]
	at org.apache.tomcat.jdbc.pool.DataSourceProxy.getConnection(DataSourceProxy.java:131) [tomcat-jdbc-8.5.20.jar:na]
	at org.flywaydb.core.internal.util.jdbc.JdbcUtils.openConnection(JdbcUtils.java:50) [flyway-core-3.2.1.jar:na]
	at org.flywaydb.core.Flyway.execute(Flyway.java:1385) [flyway-core-3.2.1.jar:na]
	at org.flywaydb.core.Flyway.migrate(Flyway.java:1006) [flyway-core-3.2.1.jar:na]
	at org.springframework.boot.autoconfigure.flyway.FlywayMigrationInitializer.afterPropertiesSet(FlywayMigrationInitializer.java:66) [spring-boot-autoconfigure-1.5.7.RELEASE.jar:1.5.7.RELEASE]
	at org.springframework.beans.factory.support.AbstractAutowireCapableBeanFactory.invokeInitMethods(AbstractAutowireCapableBeanFactory.java:1687) [spring-beans-4.3.11.RELEASE.jar:4.3.11.RELEASE]
	at org.springframework.beans.factory.support.AbstractAutowireCapableBeanFactory.initializeBean(AbstractAutowireCapableBeanFactory.java:1624) [spring-beans-4.3.11.RELEASE.jar:4.3.11.RELEASE]
	at org.springframework.beans.factory.support.AbstractAutowireCapableBeanFactory.doCreateBean(AbstractAutowireCapableBeanFactory.java:555) [spring-beans-4.3.11.RELEASE.jar:4.3.11.RELEASE]
	at org.springframework.beans.factory.support.AbstractAutowireCapableBeanFactory.createBean(AbstractAutowireCapableBeanFactory.java:483) [spring-beans-4.3.11.RELEASE.jar:4.3.11.RELEASE]
	at org.springframework.beans.factory.support.AbstractBeanFactory$1.getObject(AbstractBeanFactory.java:306) [spring-beans-4.3.11.RELEASE.jar:4.3.11.RELEASE]
	at org.springframework.beans.factory.support.DefaultSingletonBeanRegistry.getSingleton(DefaultSingletonBeanRegistry.java:230) [spring-beans-4.3.11.RELEASE.jar:4.3.11.RELEASE]
	at org.springframework.beans.factory.support.AbstractBeanFactory.doGetBean(AbstractBeanFactory.java:302) [spring-beans-4.3.11.RELEASE.jar:4.3.11.RELEASE]
	at org.springframework.beans.factory.support.AbstractBeanFactory.getBean(AbstractBeanFactory.java:197) [spring-beans-4.3.11.RELEASE.jar:4.3.11.RELEASE]
	at org.springframework.beans.factory.support.AbstractBeanFactory.doGetBean(AbstractBeanFactory.java:296) [spring-beans-4.3.11.RELEASE.jar:4.3.11.RELEASE]
	at org.springframework.beans.factory.support.AbstractBeanFactory.getBean(AbstractBeanFactory.java:197) [spring-beans-4.3.11.RELEASE.jar:4.3.11.RELEASE]
	at org.springframework.context.support.AbstractApplicationContext.getBean(AbstractApplicationContext.java:1078) [spring-context-4.3.11.RELEASE.jar:4.3.11.RELEASE]
	at org.springframework.context.support.AbstractApplicationContext.finishBeanFactoryInitialization(AbstractApplicationContext.java:857) [spring-context-4.3.11.RELEASE.jar:4.3.11.RELEASE]
	at org.springframework.context.support.AbstractApplicationContext.refresh(AbstractApplicationContext.java:543) [spring-context-4.3.11.RELEASE.jar:4.3.11.RELEASE]
	at org.springframework.boot.SpringApplication.refresh(SpringApplication.java:693) [spring-boot-1.5.7.RELEASE.jar:1.5.7.RELEASE]
	at org.springframework.boot.SpringApplication.refreshContext(SpringApplication.java:360) [spring-boot-1.5.7.RELEASE.jar:1.5.7.RELEASE]
	at org.springframework.boot.SpringApplication.run(SpringApplication.java:303) [spring-boot-1.5.7.RELEASE.jar:1.5.7.RELEASE]
	at org.springframework.boot.test.context.SpringBootContextLoader.loadContext(SpringBootContextLoader.java:120) [spring-boot-test-1.5.7.RELEASE.jar:1.5.7.RELEASE]
	at org.springframework.test.context.cache.DefaultCacheAwareContextLoaderDelegate.loadContextInternal(DefaultCacheAwareContextLoaderDelegate.java:98) [spring-test-4.3.11.RELEASE.jar:4.3.11.RELEASE]
	at org.springframework.test.context.cache.DefaultCacheAwareContextLoaderDelegate.loadContext(DefaultCacheAwareContextLoaderDelegate.java:116) [spring-test-4.3.11.RELEASE.jar:4.3.11.RELEASE]
	at org.springframework.test.context.support.DefaultTestContext.getApplicationContext(DefaultTestContext.java:83) [spring-test-4.3.11.RELEASE.jar:4.3.11.RELEASE]
	at org.springframework.test.context.web.ServletTestExecutionListener.setUpRequestContextIfNecessary(ServletTestExecutionListener.java:189) [spring-test-4.3.11.RELEASE.jar:4.3.11.RELEASE]
	at org.springframework.test.context.web.ServletTestExecutionListener.prepareTestInstance(ServletTestExecutionListener.java:131) [spring-test-4.3.11.RELEASE.jar:4.3.11.RELEASE]
	at org.springframework.test.context.TestContextManager.prepareTestInstance(TestContextManager.java:230) [spring-test-4.3.11.RELEASE.jar:4.3.11.RELEASE]
	at org.springframework.test.context.junit4.SpringJUnit4ClassRunner.createTest(SpringJUnit4ClassRunner.java:228) [spring-test-4.3.11.RELEASE.jar:4.3.11.RELEASE]
	at org.springframework.test.context.junit4.SpringJUnit4ClassRunner$1.runReflectiveCall(SpringJUnit4ClassRunner.java:287) [spring-test-4.3.11.RELEASE.jar:4.3.11.RELEASE]
	at org.junit.internal.runners.model.ReflectiveCallable.run(ReflectiveCallable.java:12) [junit-4.12.jar:4.12]
	at org.springframework.test.context.junit4.SpringJUnit4ClassRunner.methodBlock(SpringJUnit4ClassRunner.java:289) [spring-test-4.3.11.RELEASE.jar:4.3.11.RELEASE]
	at org.springframework.test.context.junit4.SpringJUnit4ClassRunner.runChild(SpringJUnit4ClassRunner.java:247) [spring-test-4.3.11.RELEASE.jar:4.3.11.RELEASE]
	at org.springframework.test.context.junit4.SpringJUnit4ClassRunner.runChild(SpringJUnit4ClassRunner.java:94) [spring-test-4.3.11.RELEASE.jar:4.3.11.RELEASE]
	at org.junit.runners.ParentRunner$3.run(ParentRunner.java:290) [junit-4.12.jar:4.12]
	at org.junit.runners.ParentRunner$1.schedule(ParentRunner.java:71) [junit-4.12.jar:4.12]
	at org.junit.runners.ParentRunner.runChildren(ParentRunner.java:288) [junit-4.12.jar:4.12]
	at org.junit.runners.ParentRunner.access$000(ParentRunner.java:58) [junit-4.12.jar:4.12]
	at org.junit.runners.ParentRunner$2.evaluate(ParentRunner.java:268) [junit-4.12.jar:4.12]
	at org.springframework.test.context.junit4.statements.RunBeforeTestClassCallbacks.evaluate(RunBeforeTestClassCallbacks.java:61) [spring-test-4.3.11.RELEASE.jar:4.3.11.RELEASE]
	at org.springframework.test.context.junit4.statements.RunAfterTestClassCallbacks.evaluate(RunAfterTestClassCallbacks.java:70) [spring-test-4.3.11.RELEASE.jar:4.3.11.RELEASE]
	at org.junit.runners.ParentRunner.run(ParentRunner.java:363) [junit-4.12.jar:4.12]
	at org.springframework.test.context.junit4.SpringJUnit4ClassRunner.run(SpringJUnit4ClassRunner.java:191) [spring-test-4.3.11.RELEASE.jar:4.3.11.RELEASE]
	at org.apache.maven.surefire.junit4.JUnit4Provider.execute(JUnit4Provider.java:283) [surefire-junit4-2.18.1.jar:2.18.1]
	at org.apache.maven.surefire.junit4.JUnit4Provider.executeWithRerun(JUnit4Provider.java:173) [surefire-junit4-2.18.1.jar:2.18.1]
	at org.apache.maven.surefire.junit4.JUnit4Provider.executeTestSet(JUnit4Provider.java:153) [surefire-junit4-2.18.1.jar:2.18.1]
	at org.apache.maven.surefire.junit4.JUnit4Provider.invoke(JUnit4Provider.java:128) [surefire-junit4-2.18.1.jar:2.18.1]
	at org.apache.maven.surefire.booter.ForkedBooter.invokeProviderInSameClassLoader(ForkedBooter.java:203) [surefire-booter-2.18.1.jar:2.18.1]
	at org.apache.maven.surefire.booter.ForkedBooter.runSuitesInProcess(ForkedBooter.java:155) [surefire-booter-2.18.1.jar:2.18.1]
	at org.apache.maven.surefire.booter.ForkedBooter.main(ForkedBooter.java:103) [surefire-booter-2.18.1.jar:2.18.1]
Caused by: java.net.ConnectException: Connection refused: connect
	at java.net.DualStackPlainSocketImpl.connect0(Native Method) ~[na:1.8.0_162]
	at java.net.DualStackPlainSocketImpl.socketConnect(DualStackPlainSocketImpl.java:79) ~[na:1.8.0_162]
	at java.net.AbstractPlainSocketImpl.doConnect(AbstractPlainSocketImpl.java:350) ~[na:1.8.0_162]
	at java.net.AbstractPlainSocketImpl.connectToAddress(AbstractPlainSocketImpl.java:206) ~[na:1.8.0_162]
	at java.net.AbstractPlainSocketImpl.connect(AbstractPlainSocketImpl.java:188) ~[na:1.8.0_162]
	at java.net.PlainSocketImpl.connect(PlainSocketImpl.java:172) ~[na:1.8.0_162]
	at java.net.SocksSocketImpl.connect(SocksSocketImpl.java:392) ~[na:1.8.0_162]
	at java.net.Socket.connect(Socket.java:589) ~[na:1.8.0_162]
	at com.mysql.jdbc.StandardSocketFactory.connect(StandardSocketFactory.java:211) ~[mysql-connector-java-5.1.44.jar:5.1.44]
	at com.mysql.jdbc.MysqlIO.<init>(MysqlIO.java:300) ~[mysql-connector-java-5.1.44.jar:5.1.44]
	... 70 common frames omitted

2018-05-05 15:59:24.916  WARN 7600 --- [           main] o.s.w.c.s.GenericWebApplicationContext   : Exception encountered during context initialization - cancelling refresh attempt: org.springframework.beans.factory.BeanCreationException: Error creating bean with name 'flywayInitializer' defined in class path resource [org/springframework/boot/autoconfigure/flyway/FlywayAutoConfiguration$FlywayConfiguration.class]: Invocation of init method failed; nested exception is org.flywaydb.core.api.FlywayException: Unable to obtain Jdbc connection from DataSource
2018-05-05 15:59:24.932  INFO 7600 --- [           main] utoConfigurationReportLoggingInitializer : 

Error starting ApplicationContext. To display the auto-configuration report re-run your application with 'debug' enabled.
2018-05-05 15:59:24.963 ERROR 7600 --- [           main] o.s.boot.SpringApplication               : Application startup failed

org.springframework.beans.factory.BeanCreationException: Error creating bean with name 'flywayInitializer' defined in class path resource [org/springframework/boot/autoconfigure/flyway/FlywayAutoConfiguration$FlywayConfiguration.class]: Invocation of init method failed; nested exception is org.flywaydb.core.api.FlywayException: Unable to obtain Jdbc connection from DataSource
	at org.springframework.beans.factory.support.AbstractAutowireCapableBeanFactory.initializeBean(AbstractAutowireCapableBeanFactory.java:1628) ~[spring-beans-4.3.11.RELEASE.jar:4.3.11.RELEASE]
	at org.springframework.beans.factory.support.AbstractAutowireCapableBeanFactory.doCreateBean(AbstractAutowireCapableBeanFactory.java:555) ~[spring-beans-4.3.11.RELEASE.jar:4.3.11.RELEASE]
	at org.springframework.beans.factory.support.AbstractAutowireCapableBeanFactory.createBean(AbstractAutowireCapableBeanFactory.java:483) ~[spring-beans-4.3.11.RELEASE.jar:4.3.11.RELEASE]
	at org.springframework.beans.factory.support.AbstractBeanFactory$1.getObject(AbstractBeanFactory.java:306) ~[spring-beans-4.3.11.RELEASE.jar:4.3.11.RELEASE]
	at org.springframework.beans.factory.support.DefaultSingletonBeanRegistry.getSingleton(DefaultSingletonBeanRegistry.java:230) ~[spring-beans-4.3.11.RELEASE.jar:4.3.11.RELEASE]
	at org.springframework.beans.factory.support.AbstractBeanFactory.doGetBean(AbstractBeanFactory.java:302) ~[spring-beans-4.3.11.RELEASE.jar:4.3.11.RELEASE]
	at org.springframework.beans.factory.support.AbstractBeanFactory.getBean(AbstractBeanFactory.java:197) ~[spring-beans-4.3.11.RELEASE.jar:4.3.11.RELEASE]
	at org.springframework.beans.factory.support.AbstractBeanFactory.doGetBean(AbstractBeanFactory.java:296) ~[spring-beans-4.3.11.RELEASE.jar:4.3.11.RELEASE]
	at org.springframework.beans.factory.support.AbstractBeanFactory.getBean(AbstractBeanFactory.java:197) ~[spring-beans-4.3.11.RELEASE.jar:4.3.11.RELEASE]
	at org.springframework.context.support.AbstractApplicationContext.getBean(AbstractApplicationContext.java:1078) ~[spring-context-4.3.11.RELEASE.jar:4.3.11.RELEASE]
	at org.springframework.context.support.AbstractApplicationContext.finishBeanFactoryInitialization(AbstractApplicationContext.java:857) ~[spring-context-4.3.11.RELEASE.jar:4.3.11.RELEASE]
	at org.springframework.context.support.AbstractApplicationContext.refresh(AbstractApplicationContext.java:543) ~[spring-context-4.3.11.RELEASE.jar:4.3.11.RELEASE]
	at org.springframework.boot.SpringApplication.refresh(SpringApplication.java:693) ~[spring-boot-1.5.7.RELEASE.jar:1.5.7.RELEASE]
	at org.springframework.boot.SpringApplication.refreshContext(SpringApplication.java:360) ~[spring-boot-1.5.7.RELEASE.jar:1.5.7.RELEASE]
	at org.springframework.boot.SpringApplication.run(SpringApplication.java:303) ~[spring-boot-1.5.7.RELEASE.jar:1.5.7.RELEASE]
	at org.springframework.boot.test.context.SpringBootContextLoader.loadContext(SpringBootContextLoader.java:120) [spring-boot-test-1.5.7.RELEASE.jar:1.5.7.RELEASE]
	at org.springframework.test.context.cache.DefaultCacheAwareContextLoaderDelegate.loadContextInternal(DefaultCacheAwareContextLoaderDelegate.java:98) [spring-test-4.3.11.RELEASE.jar:4.3.11.RELEASE]
	at org.springframework.test.context.cache.DefaultCacheAwareContextLoaderDelegate.loadContext(DefaultCacheAwareContextLoaderDelegate.java:116) [spring-test-4.3.11.RELEASE.jar:4.3.11.RELEASE]
	at org.springframework.test.context.support.DefaultTestContext.getApplicationContext(DefaultTestContext.java:83) [spring-test-4.3.11.RELEASE.jar:4.3.11.RELEASE]
	at org.springframework.test.context.web.ServletTestExecutionListener.setUpRequestContextIfNecessary(ServletTestExecutionListener.java:189) [spring-test-4.3.11.RELEASE.jar:4.3.11.RELEASE]
	at org.springframework.test.context.web.ServletTestExecutionListener.prepareTestInstance(ServletTestExecutionListener.java:131) [spring-test-4.3.11.RELEASE.jar:4.3.11.RELEASE]
	at org.springframework.test.context.TestContextManager.prepareTestInstance(TestContextManager.java:230) [spring-test-4.3.11.RELEASE.jar:4.3.11.RELEASE]
	at org.springframework.test.context.junit4.SpringJUnit4ClassRunner.createTest(SpringJUnit4ClassRunner.java:228) [spring-test-4.3.11.RELEASE.jar:4.3.11.RELEASE]
	at org.springframework.test.context.junit4.SpringJUnit4ClassRunner$1.runReflectiveCall(SpringJUnit4ClassRunner.java:287) [spring-test-4.3.11.RELEASE.jar:4.3.11.RELEASE]
	at org.junit.internal.runners.model.ReflectiveCallable.run(ReflectiveCallable.java:12) [junit-4.12.jar:4.12]
	at org.springframework.test.context.junit4.SpringJUnit4ClassRunner.methodBlock(SpringJUnit4ClassRunner.java:289) [spring-test-4.3.11.RELEASE.jar:4.3.11.RELEASE]
	at org.springframework.test.context.junit4.SpringJUnit4ClassRunner.runChild(SpringJUnit4ClassRunner.java:247) [spring-test-4.3.11.RELEASE.jar:4.3.11.RELEASE]
	at org.springframework.test.context.junit4.SpringJUnit4ClassRunner.runChild(SpringJUnit4ClassRunner.java:94) [spring-test-4.3.11.RELEASE.jar:4.3.11.RELEASE]
	at org.junit.runners.ParentRunner$3.run(ParentRunner.java:290) [junit-4.12.jar:4.12]
	at org.junit.runners.ParentRunner$1.schedule(ParentRunner.java:71) [junit-4.12.jar:4.12]
	at org.junit.runners.ParentRunner.runChildren(ParentRunner.java:288) [junit-4.12.jar:4.12]
	at org.junit.runners.ParentRunner.access$000(ParentRunner.java:58) [junit-4.12.jar:4.12]
	at org.junit.runners.ParentRunner$2.evaluate(ParentRunner.java:268) [junit-4.12.jar:4.12]
	at org.springframework.test.context.junit4.statements.RunBeforeTestClassCallbacks.evaluate(RunBeforeTestClassCallbacks.java:61) [spring-test-4.3.11.RELEASE.jar:4.3.11.RELEASE]
	at org.springframework.test.context.junit4.statements.RunAfterTestClassCallbacks.evaluate(RunAfterTestClassCallbacks.java:70) [spring-test-4.3.11.RELEASE.jar:4.3.11.RELEASE]
	at org.junit.runners.ParentRunner.run(ParentRunner.java:363) [junit-4.12.jar:4.12]
	at org.springframework.test.context.junit4.SpringJUnit4ClassRunner.run(SpringJUnit4ClassRunner.java:191) [spring-test-4.3.11.RELEASE.jar:4.3.11.RELEASE]
	at org.apache.maven.surefire.junit4.JUnit4Provider.execute(JUnit4Provider.java:283) [surefire-junit4-2.18.1.jar:2.18.1]
	at org.apache.maven.surefire.junit4.JUnit4Provider.executeWithRerun(JUnit4Provider.java:173) [surefire-junit4-2.18.1.jar:2.18.1]
	at org.apache.maven.surefire.junit4.JUnit4Provider.executeTestSet(JUnit4Provider.java:153) [surefire-junit4-2.18.1.jar:2.18.1]
	at org.apache.maven.surefire.junit4.JUnit4Provider.invoke(JUnit4Provider.java:128) [surefire-junit4-2.18.1.jar:2.18.1]
	at org.apache.maven.surefire.booter.ForkedBooter.invokeProviderInSameClassLoader(ForkedBooter.java:203) [surefire-booter-2.18.1.jar:2.18.1]
	at org.apache.maven.surefire.booter.ForkedBooter.runSuitesInProcess(ForkedBooter.java:155) [surefire-booter-2.18.1.jar:2.18.1]
	at org.apache.maven.surefire.booter.ForkedBooter.main(ForkedBooter.java:103) [surefire-booter-2.18.1.jar:2.18.1]
Caused by: org.flywaydb.core.api.FlywayException: Unable to obtain Jdbc connection from DataSource
	at org.flywaydb.core.internal.util.jdbc.JdbcUtils.openConnection(JdbcUtils.java:56) ~[flyway-core-3.2.1.jar:na]
	at org.flywaydb.core.Flyway.execute(Flyway.java:1385) ~[flyway-core-3.2.1.jar:na]
	at org.flywaydb.core.Flyway.migrate(Flyway.java:1006) ~[flyway-core-3.2.1.jar:na]
	at org.springframework.boot.autoconfigure.flyway.FlywayMigrationInitializer.afterPropertiesSet(FlywayMigrationInitializer.java:66) ~[spring-boot-autoconfigure-1.5.7.RELEASE.jar:1.5.7.RELEASE]
	at org.springframework.beans.factory.support.AbstractAutowireCapableBeanFactory.invokeInitMethods(AbstractAutowireCapableBeanFactory.java:1687) ~[spring-beans-4.3.11.RELEASE.jar:4.3.11.RELEASE]
	at org.springframework.beans.factory.support.AbstractAutowireCapableBeanFactory.initializeBean(AbstractAutowireCapableBeanFactory.java:1624) ~[spring-beans-4.3.11.RELEASE.jar:4.3.11.RELEASE]
	... 43 common frames omitted
Caused by: com.mysql.jdbc.exceptions.jdbc4.CommunicationsException: Communications link failure

The last packet sent successfully to the server was 0 milliseconds ago. The driver has not received any packets from the server.
	at sun.reflect.NativeConstructorAccessorImpl.newInstance0(Native Method) ~[na:1.8.0_162]
	at sun.reflect.NativeConstructorAccessorImpl.newInstance(NativeConstructorAccessorImpl.java:62) ~[na:1.8.0_162]
	at sun.reflect.DelegatingConstructorAccessorImpl.newInstance(DelegatingConstructorAccessorImpl.java:45) ~[na:1.8.0_162]
	at java.lang.reflect.Constructor.newInstance(Constructor.java:423) ~[na:1.8.0_162]
	at com.mysql.jdbc.Util.handleNewInstance(Util.java:425) ~[mysql-connector-java-5.1.44.jar:5.1.44]
	at com.mysql.jdbc.SQLError.createCommunicationsException(SQLError.java:989) ~[mysql-connector-java-5.1.44.jar:5.1.44]
	at com.mysql.jdbc.MysqlIO.<init>(MysqlIO.java:341) ~[mysql-connector-java-5.1.44.jar:5.1.44]
	at com.mysql.jdbc.ConnectionImpl.coreConnect(ConnectionImpl.java:2189) ~[mysql-connector-java-5.1.44.jar:5.1.44]
	at com.mysql.jdbc.ConnectionImpl.connectOneTryOnly(ConnectionImpl.java:2222) ~[mysql-connector-java-5.1.44.jar:5.1.44]
	at com.mysql.jdbc.ConnectionImpl.createNewIO(ConnectionImpl.java:2017) ~[mysql-connector-java-5.1.44.jar:5.1.44]
	at com.mysql.jdbc.ConnectionImpl.<init>(ConnectionImpl.java:779) ~[mysql-connector-java-5.1.44.jar:5.1.44]
	at com.mysql.jdbc.JDBC4Connection.<init>(JDBC4Connection.java:47) ~[mysql-connector-java-5.1.44.jar:5.1.44]
	at sun.reflect.NativeConstructorAccessorImpl.newInstance0(Native Method) ~[na:1.8.0_162]
	at sun.reflect.NativeConstructorAccessorImpl.newInstance(NativeConstructorAccessorImpl.java:62) ~[na:1.8.0_162]
	at sun.reflect.DelegatingConstructorAccessorImpl.newInstance(DelegatingConstructorAccessorImpl.java:45) ~[na:1.8.0_162]
	at java.lang.reflect.Constructor.newInstance(Constructor.java:423) ~[na:1.8.0_162]
	at com.mysql.jdbc.Util.handleNewInstance(Util.java:425) ~[mysql-connector-java-5.1.44.jar:5.1.44]
	at com.mysql.jdbc.ConnectionImpl.getInstance(ConnectionImpl.java:389) ~[mysql-connector-java-5.1.44.jar:5.1.44]
	at com.mysql.jdbc.NonRegisteringDriver.connect(NonRegisteringDriver.java:330) ~[mysql-connector-java-5.1.44.jar:5.1.44]
	at org.apache.tomcat.jdbc.pool.PooledConnection.connectUsingDriver(PooledConnection.java:310) ~[tomcat-jdbc-8.5.20.jar:na]
	at org.apache.tomcat.jdbc.pool.PooledConnection.connect(PooledConnection.java:203) ~[tomcat-jdbc-8.5.20.jar:na]
	at org.apache.tomcat.jdbc.pool.ConnectionPool.createConnection(ConnectionPool.java:735) ~[tomcat-jdbc-8.5.20.jar:na]
	at org.apache.tomcat.jdbc.pool.ConnectionPool.borrowConnection(ConnectionPool.java:667) ~[tomcat-jdbc-8.5.20.jar:na]
	at org.apache.tomcat.jdbc.pool.ConnectionPool.init(ConnectionPool.java:482) ~[tomcat-jdbc-8.5.20.jar:na]
	at org.apache.tomcat.jdbc.pool.ConnectionPool.<init>(ConnectionPool.java:154) ~[tomcat-jdbc-8.5.20.jar:na]
	at org.apache.tomcat.jdbc.pool.DataSourceProxy.pCreatePool(DataSourceProxy.java:118) ~[tomcat-jdbc-8.5.20.jar:na]
	at org.apache.tomcat.jdbc.pool.DataSourceProxy.createPool(DataSourceProxy.java:107) ~[tomcat-jdbc-8.5.20.jar:na]
	at org.apache.tomcat.jdbc.pool.DataSourceProxy.getConnection(DataSourceProxy.java:131) ~[tomcat-jdbc-8.5.20.jar:na]
	at org.flywaydb.core.internal.util.jdbc.JdbcUtils.openConnection(JdbcUtils.java:50) ~[flyway-core-3.2.1.jar:na]
	... 48 common frames omitted
Caused by: java.net.ConnectException: Connection refused: connect
	at java.net.DualStackPlainSocketImpl.connect0(Native Method) ~[na:1.8.0_162]
	at java.net.DualStackPlainSocketImpl.socketConnect(DualStackPlainSocketImpl.java:79) ~[na:1.8.0_162]
	at java.net.AbstractPlainSocketImpl.doConnect(AbstractPlainSocketImpl.java:350) ~[na:1.8.0_162]
	at java.net.AbstractPlainSocketImpl.connectToAddress(AbstractPlainSocketImpl.java:206) ~[na:1.8.0_162]
	at java.net.AbstractPlainSocketImpl.connect(AbstractPlainSocketImpl.java:188) ~[na:1.8.0_162]
	at java.net.PlainSocketImpl.connect(PlainSocketImpl.java:172) ~[na:1.8.0_162]
	at java.net.SocksSocketImpl.connect(SocksSocketImpl.java:392) ~[na:1.8.0_162]
	at java.net.Socket.connect(Socket.java:589) ~[na:1.8.0_162]
	at com.mysql.jdbc.StandardSocketFactory.connect(StandardSocketFactory.java:211) ~[mysql-connector-java-5.1.44.jar:5.1.44]
	at com.mysql.jdbc.MysqlIO.<init>(MysqlIO.java:300) ~[mysql-connector-java-5.1.44.jar:5.1.44]
	... 70 common frames omitted

2018-05-05 15:59:24.963 ERROR 7600 --- [           main] o.s.test.context.TestContextManager      : Caught exception while allowing TestExecutionListener [org.springframework.test.context.web.ServletTestExecutionListener@6ee12bac] to prepare test instance [com.example.BasicApplicationTests@5432c277]

java.lang.IllegalStateException: Failed to load ApplicationContext
	at org.springframework.test.context.cache.DefaultCacheAwareContextLoaderDelegate.loadContext(DefaultCacheAwareContextLoaderDelegate.java:124) ~[spring-test-4.3.11.RELEASE.jar:4.3.11.RELEASE]
	at org.springframework.test.context.support.DefaultTestContext.getApplicationContext(DefaultTestContext.java:83) ~[spring-test-4.3.11.RELEASE.jar:4.3.11.RELEASE]
	at org.springframework.test.context.web.ServletTestExecutionListener.setUpRequestContextIfNecessary(ServletTestExecutionListener.java:189) ~[spring-test-4.3.11.RELEASE.jar:4.3.11.RELEASE]
	at org.springframework.test.context.web.ServletTestExecutionListener.prepareTestInstance(ServletTestExecutionListener.java:131) ~[spring-test-4.3.11.RELEASE.jar:4.3.11.RELEASE]
	at org.springframework.test.context.TestContextManager.prepareTestInstance(TestContextManager.java:230) ~[spring-test-4.3.11.RELEASE.jar:4.3.11.RELEASE]
	at org.springframework.test.context.junit4.SpringJUnit4ClassRunner.createTest(SpringJUnit4ClassRunner.java:228) [spring-test-4.3.11.RELEASE.jar:4.3.11.RELEASE]
	at org.springframework.test.context.junit4.SpringJUnit4ClassRunner$1.runReflectiveCall(SpringJUnit4ClassRunner.java:287) [spring-test-4.3.11.RELEASE.jar:4.3.11.RELEASE]
	at org.junit.internal.runners.model.ReflectiveCallable.run(ReflectiveCallable.java:12) [junit-4.12.jar:4.12]
	at org.springframework.test.context.junit4.SpringJUnit4ClassRunner.methodBlock(SpringJUnit4ClassRunner.java:289) [spring-test-4.3.11.RELEASE.jar:4.3.11.RELEASE]
	at org.springframework.test.context.junit4.SpringJUnit4ClassRunner.runChild(SpringJUnit4ClassRunner.java:247) [spring-test-4.3.11.RELEASE.jar:4.3.11.RELEASE]
	at org.springframework.test.context.junit4.SpringJUnit4ClassRunner.runChild(SpringJUnit4ClassRunner.java:94) [spring-test-4.3.11.RELEASE.jar:4.3.11.RELEASE]
	at org.junit.runners.ParentRunner$3.run(ParentRunner.java:290) [junit-4.12.jar:4.12]
	at org.junit.runners.ParentRunner$1.schedule(ParentRunner.java:71) [junit-4.12.jar:4.12]
	at org.junit.runners.ParentRunner.runChildren(ParentRunner.java:288) [junit-4.12.jar:4.12]
	at org.junit.runners.ParentRunner.access$000(ParentRunner.java:58) [junit-4.12.jar:4.12]
	at org.junit.runners.ParentRunner$2.evaluate(ParentRunner.java:268) [junit-4.12.jar:4.12]
	at org.springframework.test.context.junit4.statements.RunBeforeTestClassCallbacks.evaluate(RunBeforeTestClassCallbacks.java:61) [spring-test-4.3.11.RELEASE.jar:4.3.11.RELEASE]
	at org.springframework.test.context.junit4.statements.RunAfterTestClassCallbacks.evaluate(RunAfterTestClassCallbacks.java:70) [spring-test-4.3.11.RELEASE.jar:4.3.11.RELEASE]
	at org.junit.runners.ParentRunner.run(ParentRunner.java:363) [junit-4.12.jar:4.12]
	at org.springframework.test.context.junit4.SpringJUnit4ClassRunner.run(SpringJUnit4ClassRunner.java:191) [spring-test-4.3.11.RELEASE.jar:4.3.11.RELEASE]
	at org.apache.maven.surefire.junit4.JUnit4Provider.execute(JUnit4Provider.java:283) [surefire-junit4-2.18.1.jar:2.18.1]
	at org.apache.maven.surefire.junit4.JUnit4Provider.executeWithRerun(JUnit4Provider.java:173) [surefire-junit4-2.18.1.jar:2.18.1]
	at org.apache.maven.surefire.junit4.JUnit4Provider.executeTestSet(JUnit4Provider.java:153) [surefire-junit4-2.18.1.jar:2.18.1]
	at org.apache.maven.surefire.junit4.JUnit4Provider.invoke(JUnit4Provider.java:128) [surefire-junit4-2.18.1.jar:2.18.1]
	at org.apache.maven.surefire.booter.ForkedBooter.invokeProviderInSameClassLoader(ForkedBooter.java:203) [surefire-booter-2.18.1.jar:2.18.1]
	at org.apache.maven.surefire.booter.ForkedBooter.runSuitesInProcess(ForkedBooter.java:155) [surefire-booter-2.18.1.jar:2.18.1]
	at org.apache.maven.surefire.booter.ForkedBooter.main(ForkedBooter.java:103) [surefire-booter-2.18.1.jar:2.18.1]
Caused by: org.springframework.beans.factory.BeanCreationException: Error creating bean with name 'flywayInitializer' defined in class path resource [org/springframework/boot/autoconfigure/flyway/FlywayAutoConfiguration$FlywayConfiguration.class]: Invocation of init method failed; nested exception is org.flywaydb.core.api.FlywayException: Unable to obtain Jdbc connection from DataSource
	at org.springframework.beans.factory.support.AbstractAutowireCapableBeanFactory.initializeBean(AbstractAutowireCapableBeanFactory.java:1628) ~[spring-beans-4.3.11.RELEASE.jar:4.3.11.RELEASE]
	at org.springframework.beans.factory.support.AbstractAutowireCapableBeanFactory.doCreateBean(AbstractAutowireCapableBeanFactory.java:555) ~[spring-beans-4.3.11.RELEASE.jar:4.3.11.RELEASE]
	at org.springframework.beans.factory.support.AbstractAutowireCapableBeanFactory.createBean(AbstractAutowireCapableBeanFactory.java:483) ~[spring-beans-4.3.11.RELEASE.jar:4.3.11.RELEASE]
	at org.springframework.beans.factory.support.AbstractBeanFactory$1.getObject(AbstractBeanFactory.java:306) ~[spring-beans-4.3.11.RELEASE.jar:4.3.11.RELEASE]
	at org.springframework.beans.factory.support.DefaultSingletonBeanRegistry.getSingleton(DefaultSingletonBeanRegistry.java:230) ~[spring-beans-4.3.11.RELEASE.jar:4.3.11.RELEASE]
	at org.springframework.beans.factory.support.AbstractBeanFactory.doGetBean(AbstractBeanFactory.java:302) ~[spring-beans-4.3.11.RELEASE.jar:4.3.11.RELEASE]
	at org.springframework.beans.factory.support.AbstractBeanFactory.getBean(AbstractBeanFactory.java:197) ~[spring-beans-4.3.11.RELEASE.jar:4.3.11.RELEASE]
	at org.springframework.beans.factory.support.AbstractBeanFactory.doGetBean(AbstractBeanFactory.java:296) ~[spring-beans-4.3.11.RELEASE.jar:4.3.11.RELEASE]
	at org.springframework.beans.factory.support.AbstractBeanFactory.getBean(AbstractBeanFactory.java:197) ~[spring-beans-4.3.11.RELEASE.jar:4.3.11.RELEASE]
	at org.springframework.context.support.AbstractApplicationContext.getBean(AbstractApplicationContext.java:1078) ~[spring-context-4.3.11.RELEASE.jar:4.3.11.RELEASE]
	at org.springframework.context.support.AbstractApplicationContext.finishBeanFactoryInitialization(AbstractApplicationContext.java:857) ~[spring-context-4.3.11.RELEASE.jar:4.3.11.RELEASE]
	at org.springframework.context.support.AbstractApplicationContext.refresh(AbstractApplicationContext.java:543) ~[spring-context-4.3.11.RELEASE.jar:4.3.11.RELEASE]
	at org.springframework.boot.SpringApplication.refresh(SpringApplication.java:693) ~[spring-boot-1.5.7.RELEASE.jar:1.5.7.RELEASE]
	at org.springframework.boot.SpringApplication.refreshContext(SpringApplication.java:360) ~[spring-boot-1.5.7.RELEASE.jar:1.5.7.RELEASE]
	at org.springframework.boot.SpringApplication.run(SpringApplication.java:303) ~[spring-boot-1.5.7.RELEASE.jar:1.5.7.RELEASE]
	at org.springframework.boot.test.context.SpringBootContextLoader.loadContext(SpringBootContextLoader.java:120) ~[spring-boot-test-1.5.7.RELEASE.jar:1.5.7.RELEASE]
	at org.springframework.test.context.cache.DefaultCacheAwareContextLoaderDelegate.loadContextInternal(DefaultCacheAwareContextLoaderDelegate.java:98) ~[spring-test-4.3.11.RELEASE.jar:4.3.11.RELEASE]
	at org.springframework.test.context.cache.DefaultCacheAwareContextLoaderDelegate.loadContext(DefaultCacheAwareContextLoaderDelegate.java:116) ~[spring-test-4.3.11.RELEASE.jar:4.3.11.RELEASE]
	... 26 common frames omitted
Caused by: org.flywaydb.core.api.FlywayException: Unable to obtain Jdbc connection from DataSource
	at org.flywaydb.core.internal.util.jdbc.JdbcUtils.openConnection(JdbcUtils.java:56) ~[flyway-core-3.2.1.jar:na]
	at org.flywaydb.core.Flyway.execute(Flyway.java:1385) ~[flyway-core-3.2.1.jar:na]
	at org.flywaydb.core.Flyway.migrate(Flyway.java:1006) ~[flyway-core-3.2.1.jar:na]
	at org.springframework.boot.autoconfigure.flyway.FlywayMigrationInitializer.afterPropertiesSet(FlywayMigrationInitializer.java:66) ~[spring-boot-autoconfigure-1.5.7.RELEASE.jar:1.5.7.RELEASE]
	at org.springframework.beans.factory.support.AbstractAutowireCapableBeanFactory.invokeInitMethods(AbstractAutowireCapableBeanFactory.java:1687) ~[spring-beans-4.3.11.RELEASE.jar:4.3.11.RELEASE]
	at org.springframework.beans.factory.support.AbstractAutowireCapableBeanFactory.initializeBean(AbstractAutowireCapableBeanFactory.java:1624) ~[spring-beans-4.3.11.RELEASE.jar:4.3.11.RELEASE]
	... 43 common frames omitted
Caused by: com.mysql.jdbc.exceptions.jdbc4.CommunicationsException: Communications link failure

The last packet sent successfully to the server was 0 milliseconds ago. The driver has not received any packets from the server.
	at sun.reflect.NativeConstructorAccessorImpl.newInstance0(Native Method) ~[na:1.8.0_162]
	at sun.reflect.NativeConstructorAccessorImpl.newInstance(NativeConstructorAccessorImpl.java:62) ~[na:1.8.0_162]
	at sun.reflect.DelegatingConstructorAccessorImpl.newInstance(DelegatingConstructorAccessorImpl.java:45) ~[na:1.8.0_162]
	at java.lang.reflect.Constructor.newInstance(Constructor.java:423) ~[na:1.8.0_162]
	at com.mysql.jdbc.Util.handleNewInstance(Util.java:425) ~[mysql-connector-java-5.1.44.jar:5.1.44]
	at com.mysql.jdbc.SQLError.createCommunicationsException(SQLError.java:989) ~[mysql-connector-java-5.1.44.jar:5.1.44]
	at com.mysql.jdbc.MysqlIO.<init>(MysqlIO.java:341) ~[mysql-connector-java-5.1.44.jar:5.1.44]
	at com.mysql.jdbc.ConnectionImpl.coreConnect(ConnectionImpl.java:2189) ~[mysql-connector-java-5.1.44.jar:5.1.44]
	at com.mysql.jdbc.ConnectionImpl.connectOneTryOnly(ConnectionImpl.java:2222) ~[mysql-connector-java-5.1.44.jar:5.1.44]
	at com.mysql.jdbc.ConnectionImpl.createNewIO(ConnectionImpl.java:2017) ~[mysql-connector-java-5.1.44.jar:5.1.44]
	at com.mysql.jdbc.ConnectionImpl.<init>(ConnectionImpl.java:779) ~[mysql-connector-java-5.1.44.jar:5.1.44]
	at com.mysql.jdbc.JDBC4Connection.<init>(JDBC4Connection.java:47) ~[mysql-connector-java-5.1.44.jar:5.1.44]
	at sun.reflect.NativeConstructorAccessorImpl.newInstance0(Native Method) ~[na:1.8.0_162]
	at sun.reflect.NativeConstructorAccessorImpl.newInstance(NativeConstructorAccessorImpl.java:62) ~[na:1.8.0_162]
	at sun.reflect.DelegatingConstructorAccessorImpl.newInstance(DelegatingConstructorAccessorImpl.java:45) ~[na:1.8.0_162]
	at java.lang.reflect.Constructor.newInstance(Constructor.java:423) ~[na:1.8.0_162]
	at com.mysql.jdbc.Util.handleNewInstance(Util.java:425) ~[mysql-connector-java-5.1.44.jar:5.1.44]
	at com.mysql.jdbc.ConnectionImpl.getInstance(ConnectionImpl.java:389) ~[mysql-connector-java-5.1.44.jar:5.1.44]
	at com.mysql.jdbc.NonRegisteringDriver.connect(NonRegisteringDriver.java:330) ~[mysql-connector-java-5.1.44.jar:5.1.44]
	at org.apache.tomcat.jdbc.pool.PooledConnection.connectUsingDriver(PooledConnection.java:310) ~[tomcat-jdbc-8.5.20.jar:na]
	at org.apache.tomcat.jdbc.pool.PooledConnection.connect(PooledConnection.java:203) ~[tomcat-jdbc-8.5.20.jar:na]
	at org.apache.tomcat.jdbc.pool.ConnectionPool.createConnection(ConnectionPool.java:735) ~[tomcat-jdbc-8.5.20.jar:na]
	at org.apache.tomcat.jdbc.pool.ConnectionPool.borrowConnection(ConnectionPool.java:667) ~[tomcat-jdbc-8.5.20.jar:na]
	at org.apache.tomcat.jdbc.pool.ConnectionPool.init(ConnectionPool.java:482) ~[tomcat-jdbc-8.5.20.jar:na]
	at org.apache.tomcat.jdbc.pool.ConnectionPool.<init>(ConnectionPool.java:154) ~[tomcat-jdbc-8.5.20.jar:na]
	at org.apache.tomcat.jdbc.pool.DataSourceProxy.pCreatePool(DataSourceProxy.java:118) ~[tomcat-jdbc-8.5.20.jar:na]
	at org.apache.tomcat.jdbc.pool.DataSourceProxy.createPool(DataSourceProxy.java:107) ~[tomcat-jdbc-8.5.20.jar:na]
	at org.apache.tomcat.jdbc.pool.DataSourceProxy.getConnection(DataSourceProxy.java:131) ~[tomcat-jdbc-8.5.20.jar:na]
	at org.flywaydb.core.internal.util.jdbc.JdbcUtils.openConnection(JdbcUtils.java:50) ~[flyway-core-3.2.1.jar:na]
	... 48 common frames omitted
Caused by: java.net.ConnectException: Connection refused: connect
	at java.net.DualStackPlainSocketImpl.connect0(Native Method) ~[na:1.8.0_162]
	at java.net.DualStackPlainSocketImpl.socketConnect(DualStackPlainSocketImpl.java:79) ~[na:1.8.0_162]
	at java.net.AbstractPlainSocketImpl.doConnect(AbstractPlainSocketImpl.java:350) ~[na:1.8.0_162]
	at java.net.AbstractPlainSocketImpl.connectToAddress(AbstractPlainSocketImpl.java:206) ~[na:1.8.0_162]
	at java.net.AbstractPlainSocketImpl.connect(AbstractPlainSocketImpl.java:188) ~[na:1.8.0_162]
	at java.net.PlainSocketImpl.connect(PlainSocketImpl.java:172) ~[na:1.8.0_162]
	at java.net.SocksSocketImpl.connect(SocksSocketImpl.java:392) ~[na:1.8.0_162]
	at java.net.Socket.connect(Socket.java:589) ~[na:1.8.0_162]
	at com.mysql.jdbc.StandardSocketFactory.connect(StandardSocketFactory.java:211) ~[mysql-connector-java-5.1.44.jar:5.1.44]
	at com.mysql.jdbc.MysqlIO.<init>(MysqlIO.java:300) ~[mysql-connector-java-5.1.44.jar:5.1.44]
	... 70 common frames omitted

]]></system-out>
  </testcase>
</testsuite>